CRITICAL - 2024-06-25 23:50:56 --> Illegal string offset 'open_to_close'
#0 C:\Users\RIZKY\Downloads\Folder Joki\ci-backburner\app\Controllers\HomeController.php(46): CodeIgniter\Debug\Exceptions->errorHandler(2, 'Illegal string ...', 'C:\\Users\\RIZKY\\...', 46, Array)
#1 C:\Users\RIZKY\Downloads\Folder Joki\ci-backburner\vendor\codeigniter4\framework\system\CodeIgniter.php(935): App\Controllers\HomeController->showDetail('1')
#2 C:\Users\RIZKY\Downloads\Folder Joki\ci-backburner\vendor\codeigniter4\framework\system\CodeIgniter.php(431): CodeIgniter\CodeIgniter->runController(Object(App\Controllers\HomeController))
#3 C:\Users\RIZKY\Downloads\Folder Joki\ci-backburner\vendor\codeigniter4\framework\system\CodeIgniter.php(332): CodeIgniter\CodeIgniter->handleRequest(NULL, Object(Config\Cache), false)
#4 C:\Users\RIZKY\Downloads\Folder Joki\ci-backburner\public\index.php(44): CodeIgniter\CodeIgniter->run()
#5 C:\Users\RIZKY\Downloads\Folder Joki\ci-backburner\vendor\codeigniter4\framework\system\Commands\Server\rewrite.php(45): require_once('C:\\Users\\RIZKY\\...')
#6 {main}
CRITICAL - 2024-06-25 23:50:57 --> Illegal string offset 'open_to_close'
#0 C:\Users\RIZKY\Downloads\Folder Joki\ci-backburner\app\Controllers\HomeController.php(46): CodeIgniter\Debug\Exceptions->errorHandler(2, 'Illegal string ...', 'C:\\Users\\RIZKY\\...', 46, Array)
#1 C:\Users\RIZKY\Downloads\Folder Joki\ci-backburner\vendor\codeigniter4\framework\system\CodeIgniter.php(935): App\Controllers\HomeController->showDetail('1')
#2 C:\Users\RIZKY\Downloads\Folder Joki\ci-backburner\vendor\codeigniter4\framework\system\CodeIgniter.php(431): CodeIgniter\CodeIgniter->runController(Object(App\Controllers\HomeController))
#3 C:\Users\RIZKY\Downloads\Folder Joki\ci-backburner\vendor\codeigniter4\framework\system\CodeIgniter.php(332): CodeIgniter\CodeIgniter->handleRequest(NULL, Object(Config\Cache), false)
#4 C:\Users\RIZKY\Downloads\Folder Joki\ci-backburner\public\index.php(44): CodeIgniter\CodeIgniter->run()
#5 C:\Users\RIZKY\Downloads\Folder Joki\ci-backburner\vendor\codeigniter4\framework\system\Commands\Server\rewrite.php(45): require_once('C:\\Users\\RIZKY\\...')
#6 {main}
CRITICAL - 2024-06-25 23:51:05 --> Illegal string offset 'open_to_close'
#0 C:\Users\RIZKY\Downloads\Folder Joki\ci-backburner\app\Controllers\HomeController.php(46): CodeIgniter\Debug\Exceptions->errorHandler(2, 'Illegal string ...', 'C:\\Users\\RIZKY\\...', 46, Array)
#1 C:\Users\RIZKY\Downloads\Folder Joki\ci-backburner\vendor\codeigniter4\framework\system\CodeIgniter.php(935): App\Controllers\HomeController->showDetail('1')
#2 C:\Users\RIZKY\Downloads\Folder Joki\ci-backburner\vendor\codeigniter4\framework\system\CodeIgniter.php(431): CodeIgniter\CodeIgniter->runController(Object(App\Controllers\HomeController))
#3 C:\Users\RIZKY\Downloads\Folder Joki\ci-backburner\vendor\codeigniter4\framework\system\CodeIgniter.php(332): CodeIgniter\CodeIgniter->handleRequest(NULL, Object(Config\Cache), false)
#4 C:\Users\RIZKY\Downloads\Folder Joki\ci-backburner\public\index.php(44): CodeIgniter\CodeIgniter->run()
#5 C:\Users\RIZKY\Downloads\Folder Joki\ci-backburner\vendor\codeigniter4\framework\system\Commands\Server\rewrite.php(45): require_once('C:\\Users\\RIZKY\\...')
#6 {main}
CRITICAL - 2024-06-25 23:51:05 --> Illegal string offset 'open_to_close'
#0 C:\Users\RIZKY\Downloads\Folder Joki\ci-backburner\app\Controllers\HomeController.php(46): CodeIgniter\Debug\Exceptions->errorHandler(2, 'Illegal string ...', 'C:\\Users\\RIZKY\\...', 46, Array)
#1 C:\Users\RIZKY\Downloads\Folder Joki\ci-backburner\vendor\codeigniter4\framework\system\CodeIgniter.php(935): App\Controllers\HomeController->showDetail('1')
#2 C:\Users\RIZKY\Downloads\Folder Joki\ci-backburner\vendor\codeigniter4\framework\system\CodeIgniter.php(431): CodeIgniter\CodeIgniter->runController(Object(App\Controllers\HomeController))
#3 C:\Users\RIZKY\Downloads\Folder Joki\ci-backburner\vendor\codeigniter4\framework\system\CodeIgniter.php(332): CodeIgniter\CodeIgniter->handleRequest(NULL, Object(Config\Cache), false)
#4 C:\Users\RIZKY\Downloads\Folder Joki\ci-backburner\public\index.php(44): CodeIgniter\CodeIgniter->run()
#5 C:\Users\RIZKY\Downloads\Folder Joki\ci-backburner\vendor\codeigniter4\framework\system\Commands\Server\rewrite.php(45): require_once('C:\\Users\\RIZKY\\...')
#6 {main}
CRITICAL - 2024-06-25 23:52:20 --> Illegal string offset 'Description'
#0 C:\Users\RIZKY\Downloads\Folder Joki\ci-backburner\app\Controllers\HomeController.php(46): CodeIgniter\Debug\Exceptions->errorHandler(2, 'Illegal string ...', 'C:\\Users\\RIZKY\\...', 46, Array)
#1 C:\Users\RIZKY\Downloads\Folder Joki\ci-backburner\vendor\codeigniter4\framework\system\CodeIgniter.php(935): App\Controllers\HomeController->showDetail('1')
#2 C:\Users\RIZKY\Downloads\Folder Joki\ci-backburner\vendor\codeigniter4\framework\system\CodeIgniter.php(431): CodeIgniter\CodeIgniter->runController(Object(App\Controllers\HomeController))
#3 C:\Users\RIZKY\Downloads\Folder Joki\ci-backburner\vendor\codeigniter4\framework\system\CodeIgniter.php(332): CodeIgniter\CodeIgniter->handleRequest(NULL, Object(Config\Cache), false)
#4 C:\Users\RIZKY\Downloads\Folder Joki\ci-backburner\public\index.php(44): CodeIgniter\CodeIgniter->run()
#5 C:\Users\RIZKY\Downloads\Folder Joki\ci-backburner\vendor\codeigniter4\framework\system\Commands\Server\rewrite.php(45): require_once('C:\\Users\\RIZKY\\...')
#6 {main}
