CRITICAL - 2024-06-21 15:58:55 --> Invalid argument supplied for foreach()
#0 C:\Users\RIZKY\Downloads\Folder Joki\ci-backburner\app\Views\data_apotik.php(144): CodeIgniter\Debug\Exceptions->errorHandler(2, 'Invalid argumen...', 'C:\\Users\\RIZKY\\...', 144, Array)
#1 C:\Users\RIZKY\Downloads\Folder Joki\ci-backburner\vendor\codeigniter4\framework\system\View\View.php(220): include('C:\\Users\\RIZKY\\...')
#2 C:\Users\RIZKY\Downloads\Folder Joki\ci-backburner\vendor\codeigniter4\framework\system\View\View.php(222): CodeIgniter\View\View->CodeIgniter\View\{closure}()
#3 C:\Users\RIZKY\Downloads\Folder Joki\ci-backburner\vendor\codeigniter4\framework\system\Common.php(1217): CodeIgniter\View\View->render('data_apotik', Array, true)
#4 C:\Users\RIZKY\Downloads\Folder Joki\ci-backburner\app\Controllers\HomeController.php(49): view('data_apotik', Array)
#5 C:\Users\RIZKY\Downloads\Folder Joki\ci-backburner\vendor\codeigniter4\framework\system\CodeIgniter.php(935): App\Controllers\HomeController->showRecomendation()
#6 C:\Users\RIZKY\Downloads\Folder Joki\ci-backburner\vendor\codeigniter4\framework\system\CodeIgniter.php(431): CodeIgniter\CodeIgniter->runController(Object(App\Controllers\HomeController))
#7 C:\Users\RIZKY\Downloads\Folder Joki\ci-backburner\vendor\codeigniter4\framework\system\CodeIgniter.php(332): CodeIgniter\CodeIgniter->handleRequest(NULL, Object(Config\Cache), false)
#8 C:\Users\RIZKY\Downloads\Folder Joki\ci-backburner\public\index.php(44): CodeIgniter\CodeIgniter->run()
#9 C:\Users\RIZKY\Downloads\Folder Joki\ci-backburner\vendor\codeigniter4\framework\system\Commands\Server\rewrite.php(45): require_once('C:\\Users\\RIZKY\\...')
#10 {main}
CRITICAL - 2024-06-21 15:58:57 --> Invalid argument supplied for foreach()
#0 C:\Users\RIZKY\Downloads\Folder Joki\ci-backburner\app\Views\data_apotik.php(144): CodeIgniter\Debug\Exceptions->errorHandler(2, 'Invalid argumen...', 'C:\\Users\\RIZKY\\...', 144, Array)
#1 C:\Users\RIZKY\Downloads\Folder Joki\ci-backburner\vendor\codeigniter4\framework\system\View\View.php(220): include('C:\\Users\\RIZKY\\...')
#2 C:\Users\RIZKY\Downloads\Folder Joki\ci-backburner\vendor\codeigniter4\framework\system\View\View.php(222): CodeIgniter\View\View->CodeIgniter\View\{closure}()
#3 C:\Users\RIZKY\Downloads\Folder Joki\ci-backburner\vendor\codeigniter4\framework\system\Common.php(1217): CodeIgniter\View\View->render('data_apotik', Array, true)
#4 C:\Users\RIZKY\Downloads\Folder Joki\ci-backburner\app\Controllers\HomeController.php(49): view('data_apotik', Array)
#5 C:\Users\RIZKY\Downloads\Folder Joki\ci-backburner\vendor\codeigniter4\framework\system\CodeIgniter.php(935): App\Controllers\HomeController->showRecomendation()
#6 C:\Users\RIZKY\Downloads\Folder Joki\ci-backburner\vendor\codeigniter4\framework\system\CodeIgniter.php(431): CodeIgniter\CodeIgniter->runController(Object(App\Controllers\HomeController))
#7 C:\Users\RIZKY\Downloads\Folder Joki\ci-backburner\vendor\codeigniter4\framework\system\CodeIgniter.php(332): CodeIgniter\CodeIgniter->handleRequest(NULL, Object(Config\Cache), false)
#8 C:\Users\RIZKY\Downloads\Folder Joki\ci-backburner\public\index.php(44): CodeIgniter\CodeIgniter->run()
#9 C:\Users\RIZKY\Downloads\Folder Joki\ci-backburner\vendor\codeigniter4\framework\system\Commands\Server\rewrite.php(45): require_once('C:\\Users\\RIZKY\\...')
#10 {main}
CRITICAL - 2024-06-21 15:59:17 --> Invalid argument supplied for foreach()
#0 C:\Users\RIZKY\Downloads\Folder Joki\ci-backburner\app\Views\data_apotik.php(144): CodeIgniter\Debug\Exceptions->errorHandler(2, 'Invalid argumen...', 'C:\\Users\\RIZKY\\...', 144, Array)
#1 C:\Users\RIZKY\Downloads\Folder Joki\ci-backburner\vendor\codeigniter4\framework\system\View\View.php(220): include('C:\\Users\\RIZKY\\...')
#2 C:\Users\RIZKY\Downloads\Folder Joki\ci-backburner\vendor\codeigniter4\framework\system\View\View.php(222): CodeIgniter\View\View->CodeIgniter\View\{closure}()
#3 C:\Users\RIZKY\Downloads\Folder Joki\ci-backburner\vendor\codeigniter4\framework\system\Common.php(1217): CodeIgniter\View\View->render('data_apotik', Array, true)
#4 C:\Users\RIZKY\Downloads\Folder Joki\ci-backburner\app\Controllers\HomeController.php(49): view('data_apotik', Array)
#5 C:\Users\RIZKY\Downloads\Folder Joki\ci-backburner\vendor\codeigniter4\framework\system\CodeIgniter.php(935): App\Controllers\HomeController->showRecomendation()
#6 C:\Users\RIZKY\Downloads\Folder Joki\ci-backburner\vendor\codeigniter4\framework\system\CodeIgniter.php(431): CodeIgniter\CodeIgniter->runController(Object(App\Controllers\HomeController))
#7 C:\Users\RIZKY\Downloads\Folder Joki\ci-backburner\vendor\codeigniter4\framework\system\CodeIgniter.php(332): CodeIgniter\CodeIgniter->handleRequest(NULL, Object(Config\Cache), false)
#8 C:\Users\RIZKY\Downloads\Folder Joki\ci-backburner\public\index.php(44): CodeIgniter\CodeIgniter->run()
#9 C:\Users\RIZKY\Downloads\Folder Joki\ci-backburner\vendor\codeigniter4\framework\system\Commands\Server\rewrite.php(45): require_once('C:\\Users\\RIZKY\\...')
#10 {main}
CRITICAL - 2024-06-21 15:59:35 --> Invalid argument supplied for foreach()
#0 C:\Users\RIZKY\Downloads\Folder Joki\ci-backburner\app\Views\data_apotik.php(144): CodeIgniter\Debug\Exceptions->errorHandler(2, 'Invalid argumen...', 'C:\\Users\\RIZKY\\...', 144, Array)
#1 C:\Users\RIZKY\Downloads\Folder Joki\ci-backburner\vendor\codeigniter4\framework\system\View\View.php(220): include('C:\\Users\\RIZKY\\...')
#2 C:\Users\RIZKY\Downloads\Folder Joki\ci-backburner\vendor\codeigniter4\framework\system\View\View.php(222): CodeIgniter\View\View->CodeIgniter\View\{closure}()
#3 C:\Users\RIZKY\Downloads\Folder Joki\ci-backburner\vendor\codeigniter4\framework\system\Common.php(1217): CodeIgniter\View\View->render('data_apotik', Array, true)
#4 C:\Users\RIZKY\Downloads\Folder Joki\ci-backburner\app\Controllers\HomeController.php(49): view('data_apotik', Array)
#5 C:\Users\RIZKY\Downloads\Folder Joki\ci-backburner\vendor\codeigniter4\framework\system\CodeIgniter.php(935): App\Controllers\HomeController->showRecomendation()
#6 C:\Users\RIZKY\Downloads\Folder Joki\ci-backburner\vendor\codeigniter4\framework\system\CodeIgniter.php(431): CodeIgniter\CodeIgniter->runController(Object(App\Controllers\HomeController))
#7 C:\Users\RIZKY\Downloads\Folder Joki\ci-backburner\vendor\codeigniter4\framework\system\CodeIgniter.php(332): CodeIgniter\CodeIgniter->handleRequest(NULL, Object(Config\Cache), false)
#8 C:\Users\RIZKY\Downloads\Folder Joki\ci-backburner\public\index.php(44): CodeIgniter\CodeIgniter->run()
#9 C:\Users\RIZKY\Downloads\Folder Joki\ci-backburner\vendor\codeigniter4\framework\system\Commands\Server\rewrite.php(45): require_once('C:\\Users\\RIZKY\\...')
#10 {main}
ERROR - 2024-06-21 16:03:43 --> mysqli_sql_exception: Incorrect parameter count in the call to native function 'radians' in C:\Users\RIZKY\Downloads\Folder Joki\ci-backburner\vendor\codeigniter4\framework\system\Database\MySQLi\Connection.php:314
Stack trace:
#0 C:\Users\RIZKY\Downloads\Folder Joki\ci-backburner\vendor\codeigniter4\framework\system\Database\MySQLi\Connection.php(314): mysqli->query('SELECT *, 6371 ...')
#1 C:\Users\RIZKY\Downloads\Folder Joki\ci-backburner\vendor\codeigniter4\framework\system\Database\BaseConnection.php(715): CodeIgniter\Database\MySQLi\Connection->execute('SELECT *, 6371 ...')
#2 C:\Users\RIZKY\Downloads\Folder Joki\ci-backburner\vendor\codeigniter4\framework\system\Database\BaseConnection.php(643): CodeIgniter\Database\BaseConnection->simpleQuery('SELECT *, 6371 ...')
#3 C:\Users\RIZKY\Downloads\Folder Joki\ci-backburner\vendor\codeigniter4\framework\system\Database\BaseBuilder.php(1866): CodeIgniter\Database\BaseConnection->query('SELECT *, 6371 ...', Array, false)
#4 C:\Users\RIZKY\Downloads\Folder Joki\ci-backburner\vendor\codeigniter4\framework\system\Model.php(213): CodeIgniter\Database\BaseBuilder->get()
#5 C:\Users\RIZKY\Downloads\Folder Joki\ci-backburner\vendor\codeigniter4\framework\system\BaseModel.php(583): CodeIgniter\Model->doFindAll(10, 0)
#6 C:\Users\RIZKY\Downloads\Folder Joki\ci-backburner\app\Models\ApotikModel.php(20): CodeIgniter\BaseModel->findAll(10)
#7 C:\Users\RIZKY\Downloads\Folder Joki\ci-backburner\app\Controllers\HomeController.php(45): App\Models\ApotikModel->getRecommendedApotiks(NULL, NULL)
#8 C:\Users\RIZKY\Downloads\Folder Joki\ci-backburner\vendor\codeigniter4\framework\system\CodeIgniter.php(935): App\Controllers\HomeController->showRecomendation()
#9 C:\Users\RIZKY\Downloads\Folder Joki\ci-backburner\vendor\codeigniter4\framework\system\CodeIgniter.php(431): CodeIgniter\CodeIgniter->runController(Object(App\Controllers\HomeController))
#10 C:\Users\RIZKY\Downloads\Folder Joki\ci-backburner\vendor\codeigniter4\framework\system\CodeIgniter.php(332): CodeIgniter\CodeIgniter->handleRequest(NULL, Object(Config\Cache), false)
#11 C:\Users\RIZKY\Downloads\Folder Joki\ci-backburner\public\index.php(44): CodeIgniter\CodeIgniter->run()
#12 C:\Users\RIZKY\Downloads\Folder Joki\ci-backburner\vendor\codeigniter4\framework\system\Commands\Server\rewrite.php(45): require_once('C:\\Users\\RIZKY\\...')
#13 {main}
ERROR - 2024-06-21 16:03:44 --> mysqli_sql_exception: Incorrect parameter count in the call to native function 'radians' in C:\Users\RIZKY\Downloads\Folder Joki\ci-backburner\vendor\codeigniter4\framework\system\Database\MySQLi\Connection.php:314
Stack trace:
#0 C:\Users\RIZKY\Downloads\Folder Joki\ci-backburner\vendor\codeigniter4\framework\system\Database\MySQLi\Connection.php(314): mysqli->query('SELECT *, 6371 ...')
#1 C:\Users\RIZKY\Downloads\Folder Joki\ci-backburner\vendor\codeigniter4\framework\system\Database\BaseConnection.php(715): CodeIgniter\Database\MySQLi\Connection->execute('SELECT *, 6371 ...')
#2 C:\Users\RIZKY\Downloads\Folder Joki\ci-backburner\vendor\codeigniter4\framework\system\Database\BaseConnection.php(643): CodeIgniter\Database\BaseConnection->simpleQuery('SELECT *, 6371 ...')
#3 C:\Users\RIZKY\Downloads\Folder Joki\ci-backburner\vendor\codeigniter4\framework\system\Database\BaseBuilder.php(1866): CodeIgniter\Database\BaseConnection->query('SELECT *, 6371 ...', Array, false)
#4 C:\Users\RIZKY\Downloads\Folder Joki\ci-backburner\vendor\codeigniter4\framework\system\Model.php(213): CodeIgniter\Database\BaseBuilder->get()
#5 C:\Users\RIZKY\Downloads\Folder Joki\ci-backburner\vendor\codeigniter4\framework\system\BaseModel.php(583): CodeIgniter\Model->doFindAll(10, 0)
#6 C:\Users\RIZKY\Downloads\Folder Joki\ci-backburner\app\Models\ApotikModel.php(20): CodeIgniter\BaseModel->findAll(10)
#7 C:\Users\RIZKY\Downloads\Folder Joki\ci-backburner\app\Controllers\HomeController.php(45): App\Models\ApotikModel->getRecommendedApotiks(NULL, NULL)
#8 C:\Users\RIZKY\Downloads\Folder Joki\ci-backburner\vendor\codeigniter4\framework\system\CodeIgniter.php(935): App\Controllers\HomeController->showRecomendation()
#9 C:\Users\RIZKY\Downloads\Folder Joki\ci-backburner\vendor\codeigniter4\framework\system\CodeIgniter.php(431): CodeIgniter\CodeIgniter->runController(Object(App\Controllers\HomeController))
#10 C:\Users\RIZKY\Downloads\Folder Joki\ci-backburner\vendor\codeigniter4\framework\system\CodeIgniter.php(332): CodeIgniter\CodeIgniter->handleRequest(NULL, Object(Config\Cache), false)
#11 C:\Users\RIZKY\Downloads\Folder Joki\ci-backburner\public\index.php(44): CodeIgniter\CodeIgniter->run()
#12 C:\Users\RIZKY\Downloads\Folder Joki\ci-backburner\vendor\codeigniter4\framework\system\Commands\Server\rewrite.php(45): require_once('C:\\Users\\RIZKY\\...')
#13 {main}
ERROR - 2024-06-21 16:03:45 --> mysqli_sql_exception: Incorrect parameter count in the call to native function 'radians' in C:\Users\RIZKY\Downloads\Folder Joki\ci-backburner\vendor\codeigniter4\framework\system\Database\MySQLi\Connection.php:314
Stack trace:
#0 C:\Users\RIZKY\Downloads\Folder Joki\ci-backburner\vendor\codeigniter4\framework\system\Database\MySQLi\Connection.php(314): mysqli->query('SELECT *, 6371 ...')
#1 C:\Users\RIZKY\Downloads\Folder Joki\ci-backburner\vendor\codeigniter4\framework\system\Database\BaseConnection.php(715): CodeIgniter\Database\MySQLi\Connection->execute('SELECT *, 6371 ...')
#2 C:\Users\RIZKY\Downloads\Folder Joki\ci-backburner\vendor\codeigniter4\framework\system\Database\BaseConnection.php(643): CodeIgniter\Database\BaseConnection->simpleQuery('SELECT *, 6371 ...')
#3 C:\Users\RIZKY\Downloads\Folder Joki\ci-backburner\vendor\codeigniter4\framework\system\Database\BaseBuilder.php(1866): CodeIgniter\Database\BaseConnection->query('SELECT *, 6371 ...', Array, false)
#4 C:\Users\RIZKY\Downloads\Folder Joki\ci-backburner\vendor\codeigniter4\framework\system\Model.php(213): CodeIgniter\Database\BaseBuilder->get()
#5 C:\Users\RIZKY\Downloads\Folder Joki\ci-backburner\vendor\codeigniter4\framework\system\BaseModel.php(583): CodeIgniter\Model->doFindAll(10, 0)
#6 C:\Users\RIZKY\Downloads\Folder Joki\ci-backburner\app\Models\ApotikModel.php(20): CodeIgniter\BaseModel->findAll(10)
#7 C:\Users\RIZKY\Downloads\Folder Joki\ci-backburner\app\Controllers\HomeController.php(45): App\Models\ApotikModel->getRecommendedApotiks(NULL, NULL)
#8 C:\Users\RIZKY\Downloads\Folder Joki\ci-backburner\vendor\codeigniter4\framework\system\CodeIgniter.php(935): App\Controllers\HomeController->showRecomendation()
#9 C:\Users\RIZKY\Downloads\Folder Joki\ci-backburner\vendor\codeigniter4\framework\system\CodeIgniter.php(431): CodeIgniter\CodeIgniter->runController(Object(App\Controllers\HomeController))
#10 C:\Users\RIZKY\Downloads\Folder Joki\ci-backburner\vendor\codeigniter4\framework\system\CodeIgniter.php(332): CodeIgniter\CodeIgniter->handleRequest(NULL, Object(Config\Cache), false)
#11 C:\Users\RIZKY\Downloads\Folder Joki\ci-backburner\public\index.php(44): CodeIgniter\CodeIgniter->run()
#12 C:\Users\RIZKY\Downloads\Folder Joki\ci-backburner\vendor\codeigniter4\framework\system\Commands\Server\rewrite.php(45): require_once('C:\\Users\\RIZKY\\...')
#13 {main}
ERROR - 2024-06-21 16:03:50 --> mysqli_sql_exception: Incorrect parameter count in the call to native function 'radians' in C:\Users\RIZKY\Downloads\Folder Joki\ci-backburner\vendor\codeigniter4\framework\system\Database\MySQLi\Connection.php:314
Stack trace:
#0 C:\Users\RIZKY\Downloads\Folder Joki\ci-backburner\vendor\codeigniter4\framework\system\Database\MySQLi\Connection.php(314): mysqli->query('SELECT *, 6371 ...')
#1 C:\Users\RIZKY\Downloads\Folder Joki\ci-backburner\vendor\codeigniter4\framework\system\Database\BaseConnection.php(715): CodeIgniter\Database\MySQLi\Connection->execute('SELECT *, 6371 ...')
#2 C:\Users\RIZKY\Downloads\Folder Joki\ci-backburner\vendor\codeigniter4\framework\system\Database\BaseConnection.php(643): CodeIgniter\Database\BaseConnection->simpleQuery('SELECT *, 6371 ...')
#3 C:\Users\RIZKY\Downloads\Folder Joki\ci-backburner\vendor\codeigniter4\framework\system\Database\BaseBuilder.php(1866): CodeIgniter\Database\BaseConnection->query('SELECT *, 6371 ...', Array, false)
#4 C:\Users\RIZKY\Downloads\Folder Joki\ci-backburner\vendor\codeigniter4\framework\system\Model.php(213): CodeIgniter\Database\BaseBuilder->get()
#5 C:\Users\RIZKY\Downloads\Folder Joki\ci-backburner\vendor\codeigniter4\framework\system\BaseModel.php(583): CodeIgniter\Model->doFindAll(10, 0)
#6 C:\Users\RIZKY\Downloads\Folder Joki\ci-backburner\app\Models\ApotikModel.php(20): CodeIgniter\BaseModel->findAll(10)
#7 C:\Users\RIZKY\Downloads\Folder Joki\ci-backburner\app\Controllers\HomeController.php(45): App\Models\ApotikModel->getRecommendedApotiks(NULL, NULL)
#8 C:\Users\RIZKY\Downloads\Folder Joki\ci-backburner\vendor\codeigniter4\framework\system\CodeIgniter.php(935): App\Controllers\HomeController->showRecomendation()
#9 C:\Users\RIZKY\Downloads\Folder Joki\ci-backburner\vendor\codeigniter4\framework\system\CodeIgniter.php(431): CodeIgniter\CodeIgniter->runController(Object(App\Controllers\HomeController))
#10 C:\Users\RIZKY\Downloads\Folder Joki\ci-backburner\vendor\codeigniter4\framework\system\CodeIgniter.php(332): CodeIgniter\CodeIgniter->handleRequest(NULL, Object(Config\Cache), false)
#11 C:\Users\RIZKY\Downloads\Folder Joki\ci-backburner\public\index.php(44): CodeIgniter\CodeIgniter->run()
#12 C:\Users\RIZKY\Downloads\Folder Joki\ci-backburner\vendor\codeigniter4\framework\system\Commands\Server\rewrite.php(45): require_once('C:\\Users\\RIZKY\\...')
#13 {main}
ERROR - 2024-06-21 16:07:08 --> mysqli_sql_exception: Incorrect parameter count in the call to native function 'radians' in C:\Users\RIZKY\Downloads\Folder Joki\ci-backburner\vendor\codeigniter4\framework\system\Database\MySQLi\Connection.php:314
Stack trace:
#0 C:\Users\RIZKY\Downloads\Folder Joki\ci-backburner\vendor\codeigniter4\framework\system\Database\MySQLi\Connection.php(314): mysqli->query('SELECT *, 6371 ...')
#1 C:\Users\RIZKY\Downloads\Folder Joki\ci-backburner\vendor\codeigniter4\framework\system\Database\BaseConnection.php(715): CodeIgniter\Database\MySQLi\Connection->execute('SELECT *, 6371 ...')
#2 C:\Users\RIZKY\Downloads\Folder Joki\ci-backburner\vendor\codeigniter4\framework\system\Database\BaseConnection.php(643): CodeIgniter\Database\BaseConnection->simpleQuery('SELECT *, 6371 ...')
#3 C:\Users\RIZKY\Downloads\Folder Joki\ci-backburner\vendor\codeigniter4\framework\system\Database\BaseBuilder.php(1866): CodeIgniter\Database\BaseConnection->query('SELECT *, 6371 ...', Array, false)
#4 C:\Users\RIZKY\Downloads\Folder Joki\ci-backburner\vendor\codeigniter4\framework\system\Model.php(213): CodeIgniter\Database\BaseBuilder->get()
#5 C:\Users\RIZKY\Downloads\Folder Joki\ci-backburner\vendor\codeigniter4\framework\system\BaseModel.php(583): CodeIgniter\Model->doFindAll(10, 0)
#6 C:\Users\RIZKY\Downloads\Folder Joki\ci-backburner\app\Models\ApotikModel.php(20): CodeIgniter\BaseModel->findAll(10)
#7 C:\Users\RIZKY\Downloads\Folder Joki\ci-backburner\app\Controllers\HomeController.php(45): App\Models\ApotikModel->getRecommendedApotiks('', '')
#8 C:\Users\RIZKY\Downloads\Folder Joki\ci-backburner\vendor\codeigniter4\framework\system\CodeIgniter.php(935): App\Controllers\HomeController->showRecomendation()
#9 C:\Users\RIZKY\Downloads\Folder Joki\ci-backburner\vendor\codeigniter4\framework\system\CodeIgniter.php(431): CodeIgniter\CodeIgniter->runController(Object(App\Controllers\HomeController))
#10 C:\Users\RIZKY\Downloads\Folder Joki\ci-backburner\vendor\codeigniter4\framework\system\CodeIgniter.php(332): CodeIgniter\CodeIgniter->handleRequest(NULL, Object(Config\Cache), false)
#11 C:\Users\RIZKY\Downloads\Folder Joki\ci-backburner\public\index.php(44): CodeIgniter\CodeIgniter->run()
#12 C:\Users\RIZKY\Downloads\Folder Joki\ci-backburner\vendor\codeigniter4\framework\system\Commands\Server\rewrite.php(45): require_once('C:\\Users\\RIZKY\\...')
#13 {main}
