ERROR - 2024-06-22 22:04:04 --> mysqli_sql_exception: Incorrect parameter count in the call to native function 'radians' in C:\Users\RIZKY\Downloads\Folder Joki\ci-backburner\vendor\codeigniter4\framework\system\Database\MySQLi\Connection.php:314
Stack trace:
#0 C:\Users\RIZKY\Downloads\Folder Joki\ci-backburner\vendor\codeigniter4\framework\system\Database\MySQLi\Connection.php(314): mysqli->query('SELECT *, 6371 ...')
#1 C:\Users\RIZKY\Downloads\Folder Joki\ci-backburner\vendor\codeigniter4\framework\system\Database\BaseConnection.php(715): CodeIgniter\Database\MySQLi\Connection->execute('SELECT *, 6371 ...')
#2 C:\Users\RIZKY\Downloads\Folder Joki\ci-backburner\vendor\codeigniter4\framework\system\Database\BaseConnection.php(643): CodeIgniter\Database\BaseConnection->simpleQuery('SELECT *, 6371 ...')
#3 C:\Users\RIZKY\Downloads\Folder Joki\ci-backburner\vendor\codeigniter4\framework\system\Database\BaseBuilder.php(1866): CodeIgniter\Database\BaseConnection->query('SELECT *, 6371 ...', Array, false)
#4 C:\Users\RIZKY\Downloads\Folder Joki\ci-backburner\vendor\codeigniter4\framework\system\Model.php(213): CodeIgniter\Database\BaseBuilder->get()
#5 C:\Users\RIZKY\Downloads\Folder Joki\ci-backburner\vendor\codeigniter4\framework\system\BaseModel.php(583): CodeIgniter\Model->doFindAll(10, 0)
#6 C:\Users\RIZKY\Downloads\Folder Joki\ci-backburner\app\Models\ApotikModel.php(20): CodeIgniter\BaseModel->findAll(10)
#7 C:\Users\RIZKY\Downloads\Folder Joki\ci-backburner\app\Controllers\HomeController.php(45): App\Models\ApotikModel->getRecommendedApotiks('', '')
#8 C:\Users\RIZKY\Downloads\Folder Joki\ci-backburner\vendor\codeigniter4\framework\system\CodeIgniter.php(935): App\Controllers\HomeController->showRecomendation()
#9 C:\Users\RIZKY\Downloads\Folder Joki\ci-backburner\vendor\codeigniter4\framework\system\CodeIgniter.php(431): CodeIgniter\CodeIgniter->runController(Object(App\Controllers\HomeController))
#10 C:\Users\RIZKY\Downloads\Folder Joki\ci-backburner\vendor\codeigniter4\framework\system\CodeIgniter.php(332): CodeIgniter\CodeIgniter->handleRequest(NULL, Object(Config\Cache), false)
#11 C:\Users\RIZKY\Downloads\Folder Joki\ci-backburner\public\index.php(44): CodeIgniter\CodeIgniter->run()
#12 C:\Users\RIZKY\Downloads\Folder Joki\ci-backburner\vendor\codeigniter4\framework\system\Commands\Server\rewrite.php(45): require_once('C:\\Users\\RIZKY\\...')
#13 {main}
ERROR - 2024-06-22 22:04:08 --> mysqli_sql_exception: Incorrect parameter count in the call to native function 'radians' in C:\Users\RIZKY\Downloads\Folder Joki\ci-backburner\vendor\codeigniter4\framework\system\Database\MySQLi\Connection.php:314
Stack trace:
#0 C:\Users\RIZKY\Downloads\Folder Joki\ci-backburner\vendor\codeigniter4\framework\system\Database\MySQLi\Connection.php(314): mysqli->query('SELECT *, 6371 ...')
#1 C:\Users\RIZKY\Downloads\Folder Joki\ci-backburner\vendor\codeigniter4\framework\system\Database\BaseConnection.php(715): CodeIgniter\Database\MySQLi\Connection->execute('SELECT *, 6371 ...')
#2 C:\Users\RIZKY\Downloads\Folder Joki\ci-backburner\vendor\codeigniter4\framework\system\Database\BaseConnection.php(643): CodeIgniter\Database\BaseConnection->simpleQuery('SELECT *, 6371 ...')
#3 C:\Users\RIZKY\Downloads\Folder Joki\ci-backburner\vendor\codeigniter4\framework\system\Database\BaseBuilder.php(1866): CodeIgniter\Database\BaseConnection->query('SELECT *, 6371 ...', Array, false)
#4 C:\Users\RIZKY\Downloads\Folder Joki\ci-backburner\vendor\codeigniter4\framework\system\Model.php(213): CodeIgniter\Database\BaseBuilder->get()
#5 C:\Users\RIZKY\Downloads\Folder Joki\ci-backburner\vendor\codeigniter4\framework\system\BaseModel.php(583): CodeIgniter\Model->doFindAll(10, 0)
#6 C:\Users\RIZKY\Downloads\Folder Joki\ci-backburner\app\Models\ApotikModel.php(20): CodeIgniter\BaseModel->findAll(10)
#7 C:\Users\RIZKY\Downloads\Folder Joki\ci-backburner\app\Controllers\HomeController.php(45): App\Models\ApotikModel->getRecommendedApotiks('', '')
#8 C:\Users\RIZKY\Downloads\Folder Joki\ci-backburner\vendor\codeigniter4\framework\system\CodeIgniter.php(935): App\Controllers\HomeController->showRecomendation()
#9 C:\Users\RIZKY\Downloads\Folder Joki\ci-backburner\vendor\codeigniter4\framework\system\CodeIgniter.php(431): CodeIgniter\CodeIgniter->runController(Object(App\Controllers\HomeController))
#10 C:\Users\RIZKY\Downloads\Folder Joki\ci-backburner\vendor\codeigniter4\framework\system\CodeIgniter.php(332): CodeIgniter\CodeIgniter->handleRequest(NULL, Object(Config\Cache), false)
#11 C:\Users\RIZKY\Downloads\Folder Joki\ci-backburner\public\index.php(44): CodeIgniter\CodeIgniter->run()
#12 C:\Users\RIZKY\Downloads\Folder Joki\ci-backburner\vendor\codeigniter4\framework\system\Commands\Server\rewrite.php(45): require_once('C:\\Users\\RIZKY\\...')
#13 {main}
ERROR - 2024-06-22 22:05:54 --> mysqli_sql_exception: Incorrect parameter count in the call to native function 'radians' in C:\Users\RIZKY\Downloads\Folder Joki\ci-backburner\vendor\codeigniter4\framework\system\Database\MySQLi\Connection.php:314
Stack trace:
#0 C:\Users\RIZKY\Downloads\Folder Joki\ci-backburner\vendor\codeigniter4\framework\system\Database\MySQLi\Connection.php(314): mysqli->query('SELECT *, 6371 ...')
#1 C:\Users\RIZKY\Downloads\Folder Joki\ci-backburner\vendor\codeigniter4\framework\system\Database\BaseConnection.php(715): CodeIgniter\Database\MySQLi\Connection->execute('SELECT *, 6371 ...')
#2 C:\Users\RIZKY\Downloads\Folder Joki\ci-backburner\vendor\codeigniter4\framework\system\Database\BaseConnection.php(643): CodeIgniter\Database\BaseConnection->simpleQuery('SELECT *, 6371 ...')
#3 C:\Users\RIZKY\Downloads\Folder Joki\ci-backburner\vendor\codeigniter4\framework\system\Database\BaseBuilder.php(1866): CodeIgniter\Database\BaseConnection->query('SELECT *, 6371 ...', Array, false)
#4 C:\Users\RIZKY\Downloads\Folder Joki\ci-backburner\vendor\codeigniter4\framework\system\Model.php(213): CodeIgniter\Database\BaseBuilder->get()
#5 C:\Users\RIZKY\Downloads\Folder Joki\ci-backburner\vendor\codeigniter4\framework\system\BaseModel.php(583): CodeIgniter\Model->doFindAll(10, 0)
#6 C:\Users\RIZKY\Downloads\Folder Joki\ci-backburner\app\Models\ApotikModel.php(20): CodeIgniter\BaseModel->findAll(10)
#7 C:\Users\RIZKY\Downloads\Folder Joki\ci-backburner\app\Controllers\HomeController.php(45): App\Models\ApotikModel->getRecommendedApotiks('', '')
#8 C:\Users\RIZKY\Downloads\Folder Joki\ci-backburner\vendor\codeigniter4\framework\system\CodeIgniter.php(935): App\Controllers\HomeController->showRecomendation()
#9 C:\Users\RIZKY\Downloads\Folder Joki\ci-backburner\vendor\codeigniter4\framework\system\CodeIgniter.php(431): CodeIgniter\CodeIgniter->runController(Object(App\Controllers\HomeController))
#10 C:\Users\RIZKY\Downloads\Folder Joki\ci-backburner\vendor\codeigniter4\framework\system\CodeIgniter.php(332): CodeIgniter\CodeIgniter->handleRequest(NULL, Object(Config\Cache), false)
#11 C:\Users\RIZKY\Downloads\Folder Joki\ci-backburner\public\index.php(44): CodeIgniter\CodeIgniter->run()
#12 C:\Users\RIZKY\Downloads\Folder Joki\ci-backburner\vendor\codeigniter4\framework\system\Commands\Server\rewrite.php(45): require_once('C:\\Users\\RIZKY\\...')
#13 {main}
ERROR - 2024-06-22 22:05:55 --> mysqli_sql_exception: Incorrect parameter count in the call to native function 'radians' in C:\Users\RIZKY\Downloads\Folder Joki\ci-backburner\vendor\codeigniter4\framework\system\Database\MySQLi\Connection.php:314
Stack trace:
#0 C:\Users\RIZKY\Downloads\Folder Joki\ci-backburner\vendor\codeigniter4\framework\system\Database\MySQLi\Connection.php(314): mysqli->query('SELECT *, 6371 ...')
#1 C:\Users\RIZKY\Downloads\Folder Joki\ci-backburner\vendor\codeigniter4\framework\system\Database\BaseConnection.php(715): CodeIgniter\Database\MySQLi\Connection->execute('SELECT *, 6371 ...')
#2 C:\Users\RIZKY\Downloads\Folder Joki\ci-backburner\vendor\codeigniter4\framework\system\Database\BaseConnection.php(643): CodeIgniter\Database\BaseConnection->simpleQuery('SELECT *, 6371 ...')
#3 C:\Users\RIZKY\Downloads\Folder Joki\ci-backburner\vendor\codeigniter4\framework\system\Database\BaseBuilder.php(1866): CodeIgniter\Database\BaseConnection->query('SELECT *, 6371 ...', Array, false)
#4 C:\Users\RIZKY\Downloads\Folder Joki\ci-backburner\vendor\codeigniter4\framework\system\Model.php(213): CodeIgniter\Database\BaseBuilder->get()
#5 C:\Users\RIZKY\Downloads\Folder Joki\ci-backburner\vendor\codeigniter4\framework\system\BaseModel.php(583): CodeIgniter\Model->doFindAll(10, 0)
#6 C:\Users\RIZKY\Downloads\Folder Joki\ci-backburner\app\Models\ApotikModel.php(20): CodeIgniter\BaseModel->findAll(10)
#7 C:\Users\RIZKY\Downloads\Folder Joki\ci-backburner\app\Controllers\HomeController.php(45): App\Models\ApotikModel->getRecommendedApotiks('', '')
#8 C:\Users\RIZKY\Downloads\Folder Joki\ci-backburner\vendor\codeigniter4\framework\system\CodeIgniter.php(935): App\Controllers\HomeController->showRecomendation()
#9 C:\Users\RIZKY\Downloads\Folder Joki\ci-backburner\vendor\codeigniter4\framework\system\CodeIgniter.php(431): CodeIgniter\CodeIgniter->runController(Object(App\Controllers\HomeController))
#10 C:\Users\RIZKY\Downloads\Folder Joki\ci-backburner\vendor\codeigniter4\framework\system\CodeIgniter.php(332): CodeIgniter\CodeIgniter->handleRequest(NULL, Object(Config\Cache), false)
#11 C:\Users\RIZKY\Downloads\Folder Joki\ci-backburner\public\index.php(44): CodeIgniter\CodeIgniter->run()
#12 C:\Users\RIZKY\Downloads\Folder Joki\ci-backburner\vendor\codeigniter4\framework\system\Commands\Server\rewrite.php(45): require_once('C:\\Users\\RIZKY\\...')
#13 {main}
ERROR - 2024-06-22 22:05:56 --> mysqli_sql_exception: Incorrect parameter count in the call to native function 'radians' in C:\Users\RIZKY\Downloads\Folder Joki\ci-backburner\vendor\codeigniter4\framework\system\Database\MySQLi\Connection.php:314
Stack trace:
#0 C:\Users\RIZKY\Downloads\Folder Joki\ci-backburner\vendor\codeigniter4\framework\system\Database\MySQLi\Connection.php(314): mysqli->query('SELECT *, 6371 ...')
#1 C:\Users\RIZKY\Downloads\Folder Joki\ci-backburner\vendor\codeigniter4\framework\system\Database\BaseConnection.php(715): CodeIgniter\Database\MySQLi\Connection->execute('SELECT *, 6371 ...')
#2 C:\Users\RIZKY\Downloads\Folder Joki\ci-backburner\vendor\codeigniter4\framework\system\Database\BaseConnection.php(643): CodeIgniter\Database\BaseConnection->simpleQuery('SELECT *, 6371 ...')
#3 C:\Users\RIZKY\Downloads\Folder Joki\ci-backburner\vendor\codeigniter4\framework\system\Database\BaseBuilder.php(1866): CodeIgniter\Database\BaseConnection->query('SELECT *, 6371 ...', Array, false)
#4 C:\Users\RIZKY\Downloads\Folder Joki\ci-backburner\vendor\codeigniter4\framework\system\Model.php(213): CodeIgniter\Database\BaseBuilder->get()
#5 C:\Users\RIZKY\Downloads\Folder Joki\ci-backburner\vendor\codeigniter4\framework\system\BaseModel.php(583): CodeIgniter\Model->doFindAll(10, 0)
#6 C:\Users\RIZKY\Downloads\Folder Joki\ci-backburner\app\Models\ApotikModel.php(20): CodeIgniter\BaseModel->findAll(10)
#7 C:\Users\RIZKY\Downloads\Folder Joki\ci-backburner\app\Controllers\HomeController.php(45): App\Models\ApotikModel->getRecommendedApotiks('', '')
#8 C:\Users\RIZKY\Downloads\Folder Joki\ci-backburner\vendor\codeigniter4\framework\system\CodeIgniter.php(935): App\Controllers\HomeController->showRecomendation()
#9 C:\Users\RIZKY\Downloads\Folder Joki\ci-backburner\vendor\codeigniter4\framework\system\CodeIgniter.php(431): CodeIgniter\CodeIgniter->runController(Object(App\Controllers\HomeController))
#10 C:\Users\RIZKY\Downloads\Folder Joki\ci-backburner\vendor\codeigniter4\framework\system\CodeIgniter.php(332): CodeIgniter\CodeIgniter->handleRequest(NULL, Object(Config\Cache), false)
#11 C:\Users\RIZKY\Downloads\Folder Joki\ci-backburner\public\index.php(44): CodeIgniter\CodeIgniter->run()
#12 C:\Users\RIZKY\Downloads\Folder Joki\ci-backburner\vendor\codeigniter4\framework\system\Commands\Server\rewrite.php(45): require_once('C:\\Users\\RIZKY\\...')
#13 {main}
ERROR - 2024-06-22 22:05:59 --> mysqli_sql_exception: Incorrect parameter count in the call to native function 'radians' in C:\Users\RIZKY\Downloads\Folder Joki\ci-backburner\vendor\codeigniter4\framework\system\Database\MySQLi\Connection.php:314
Stack trace:
#0 C:\Users\RIZKY\Downloads\Folder Joki\ci-backburner\vendor\codeigniter4\framework\system\Database\MySQLi\Connection.php(314): mysqli->query('SELECT *, 6371 ...')
#1 C:\Users\RIZKY\Downloads\Folder Joki\ci-backburner\vendor\codeigniter4\framework\system\Database\BaseConnection.php(715): CodeIgniter\Database\MySQLi\Connection->execute('SELECT *, 6371 ...')
#2 C:\Users\RIZKY\Downloads\Folder Joki\ci-backburner\vendor\codeigniter4\framework\system\Database\BaseConnection.php(643): CodeIgniter\Database\BaseConnection->simpleQuery('SELECT *, 6371 ...')
#3 C:\Users\RIZKY\Downloads\Folder Joki\ci-backburner\vendor\codeigniter4\framework\system\Database\BaseBuilder.php(1866): CodeIgniter\Database\BaseConnection->query('SELECT *, 6371 ...', Array, false)
#4 C:\Users\RIZKY\Downloads\Folder Joki\ci-backburner\vendor\codeigniter4\framework\system\Model.php(213): CodeIgniter\Database\BaseBuilder->get()
#5 C:\Users\RIZKY\Downloads\Folder Joki\ci-backburner\vendor\codeigniter4\framework\system\BaseModel.php(583): CodeIgniter\Model->doFindAll(10, 0)
#6 C:\Users\RIZKY\Downloads\Folder Joki\ci-backburner\app\Models\ApotikModel.php(20): CodeIgniter\BaseModel->findAll(10)
#7 C:\Users\RIZKY\Downloads\Folder Joki\ci-backburner\app\Controllers\HomeController.php(45): App\Models\ApotikModel->getRecommendedApotiks('', '')
#8 C:\Users\RIZKY\Downloads\Folder Joki\ci-backburner\vendor\codeigniter4\framework\system\CodeIgniter.php(935): App\Controllers\HomeController->showRecomendation()
#9 C:\Users\RIZKY\Downloads\Folder Joki\ci-backburner\vendor\codeigniter4\framework\system\CodeIgniter.php(431): CodeIgniter\CodeIgniter->runController(Object(App\Controllers\HomeController))
#10 C:\Users\RIZKY\Downloads\Folder Joki\ci-backburner\vendor\codeigniter4\framework\system\CodeIgniter.php(332): CodeIgniter\CodeIgniter->handleRequest(NULL, Object(Config\Cache), false)
#11 C:\Users\RIZKY\Downloads\Folder Joki\ci-backburner\public\index.php(44): CodeIgniter\CodeIgniter->run()
#12 C:\Users\RIZKY\Downloads\Folder Joki\ci-backburner\vendor\codeigniter4\framework\system\Commands\Server\rewrite.php(45): require_once('C:\\Users\\RIZKY\\...')
#13 {main}
ERROR - 2024-06-22 22:05:59 --> mysqli_sql_exception: Incorrect parameter count in the call to native function 'radians' in C:\Users\RIZKY\Downloads\Folder Joki\ci-backburner\vendor\codeigniter4\framework\system\Database\MySQLi\Connection.php:314
Stack trace:
#0 C:\Users\RIZKY\Downloads\Folder Joki\ci-backburner\vendor\codeigniter4\framework\system\Database\MySQLi\Connection.php(314): mysqli->query('SELECT *, 6371 ...')
#1 C:\Users\RIZKY\Downloads\Folder Joki\ci-backburner\vendor\codeigniter4\framework\system\Database\BaseConnection.php(715): CodeIgniter\Database\MySQLi\Connection->execute('SELECT *, 6371 ...')
#2 C:\Users\RIZKY\Downloads\Folder Joki\ci-backburner\vendor\codeigniter4\framework\system\Database\BaseConnection.php(643): CodeIgniter\Database\BaseConnection->simpleQuery('SELECT *, 6371 ...')
#3 C:\Users\RIZKY\Downloads\Folder Joki\ci-backburner\vendor\codeigniter4\framework\system\Database\BaseBuilder.php(1866): CodeIgniter\Database\BaseConnection->query('SELECT *, 6371 ...', Array, false)
#4 C:\Users\RIZKY\Downloads\Folder Joki\ci-backburner\vendor\codeigniter4\framework\system\Model.php(213): CodeIgniter\Database\BaseBuilder->get()
#5 C:\Users\RIZKY\Downloads\Folder Joki\ci-backburner\vendor\codeigniter4\framework\system\BaseModel.php(583): CodeIgniter\Model->doFindAll(10, 0)
#6 C:\Users\RIZKY\Downloads\Folder Joki\ci-backburner\app\Models\ApotikModel.php(20): CodeIgniter\BaseModel->findAll(10)
#7 C:\Users\RIZKY\Downloads\Folder Joki\ci-backburner\app\Controllers\HomeController.php(45): App\Models\ApotikModel->getRecommendedApotiks('', '')
#8 C:\Users\RIZKY\Downloads\Folder Joki\ci-backburner\vendor\codeigniter4\framework\system\CodeIgniter.php(935): App\Controllers\HomeController->showRecomendation()
#9 C:\Users\RIZKY\Downloads\Folder Joki\ci-backburner\vendor\codeigniter4\framework\system\CodeIgniter.php(431): CodeIgniter\CodeIgniter->runController(Object(App\Controllers\HomeController))
#10 C:\Users\RIZKY\Downloads\Folder Joki\ci-backburner\vendor\codeigniter4\framework\system\CodeIgniter.php(332): CodeIgniter\CodeIgniter->handleRequest(NULL, Object(Config\Cache), false)
#11 C:\Users\RIZKY\Downloads\Folder Joki\ci-backburner\public\index.php(44): CodeIgniter\CodeIgniter->run()
#12 C:\Users\RIZKY\Downloads\Folder Joki\ci-backburner\vendor\codeigniter4\framework\system\Commands\Server\rewrite.php(45): require_once('C:\\Users\\RIZKY\\...')
#13 {main}
ERROR - 2024-06-22 22:06:05 --> mysqli_sql_exception: Incorrect parameter count in the call to native function 'radians' in C:\Users\RIZKY\Downloads\Folder Joki\ci-backburner\vendor\codeigniter4\framework\system\Database\MySQLi\Connection.php:314
Stack trace:
#0 C:\Users\RIZKY\Downloads\Folder Joki\ci-backburner\vendor\codeigniter4\framework\system\Database\MySQLi\Connection.php(314): mysqli->query('SELECT *, 6371 ...')
#1 C:\Users\RIZKY\Downloads\Folder Joki\ci-backburner\vendor\codeigniter4\framework\system\Database\BaseConnection.php(715): CodeIgniter\Database\MySQLi\Connection->execute('SELECT *, 6371 ...')
#2 C:\Users\RIZKY\Downloads\Folder Joki\ci-backburner\vendor\codeigniter4\framework\system\Database\BaseConnection.php(643): CodeIgniter\Database\BaseConnection->simpleQuery('SELECT *, 6371 ...')
#3 C:\Users\RIZKY\Downloads\Folder Joki\ci-backburner\vendor\codeigniter4\framework\system\Database\BaseBuilder.php(1866): CodeIgniter\Database\BaseConnection->query('SELECT *, 6371 ...', Array, false)
#4 C:\Users\RIZKY\Downloads\Folder Joki\ci-backburner\vendor\codeigniter4\framework\system\Model.php(213): CodeIgniter\Database\BaseBuilder->get()
#5 C:\Users\RIZKY\Downloads\Folder Joki\ci-backburner\vendor\codeigniter4\framework\system\BaseModel.php(583): CodeIgniter\Model->doFindAll(10, 0)
#6 C:\Users\RIZKY\Downloads\Folder Joki\ci-backburner\app\Models\ApotikModel.php(20): CodeIgniter\BaseModel->findAll(10)
#7 C:\Users\RIZKY\Downloads\Folder Joki\ci-backburner\app\Controllers\HomeController.php(45): App\Models\ApotikModel->getRecommendedApotiks('', '')
#8 C:\Users\RIZKY\Downloads\Folder Joki\ci-backburner\vendor\codeigniter4\framework\system\CodeIgniter.php(935): App\Controllers\HomeController->showRecomendation()
#9 C:\Users\RIZKY\Downloads\Folder Joki\ci-backburner\vendor\codeigniter4\framework\system\CodeIgniter.php(431): CodeIgniter\CodeIgniter->runController(Object(App\Controllers\HomeController))
#10 C:\Users\RIZKY\Downloads\Folder Joki\ci-backburner\vendor\codeigniter4\framework\system\CodeIgniter.php(332): CodeIgniter\CodeIgniter->handleRequest(NULL, Object(Config\Cache), false)
#11 C:\Users\RIZKY\Downloads\Folder Joki\ci-backburner\public\index.php(44): CodeIgniter\CodeIgniter->run()
#12 C:\Users\RIZKY\Downloads\Folder Joki\ci-backburner\vendor\codeigniter4\framework\system\Commands\Server\rewrite.php(45): require_once('C:\\Users\\RIZKY\\...')
#13 {main}
ERROR - 2024-06-22 22:06:30 --> mysqli_sql_exception: Incorrect parameter count in the call to native function 'radians' in C:\Users\RIZKY\Downloads\Folder Joki\ci-backburner\vendor\codeigniter4\framework\system\Database\MySQLi\Connection.php:314
Stack trace:
#0 C:\Users\RIZKY\Downloads\Folder Joki\ci-backburner\vendor\codeigniter4\framework\system\Database\MySQLi\Connection.php(314): mysqli->query('SELECT *, 6371 ...')
#1 C:\Users\RIZKY\Downloads\Folder Joki\ci-backburner\vendor\codeigniter4\framework\system\Database\BaseConnection.php(715): CodeIgniter\Database\MySQLi\Connection->execute('SELECT *, 6371 ...')
#2 C:\Users\RIZKY\Downloads\Folder Joki\ci-backburner\vendor\codeigniter4\framework\system\Database\BaseConnection.php(643): CodeIgniter\Database\BaseConnection->simpleQuery('SELECT *, 6371 ...')
#3 C:\Users\RIZKY\Downloads\Folder Joki\ci-backburner\vendor\codeigniter4\framework\system\Database\BaseBuilder.php(1866): CodeIgniter\Database\BaseConnection->query('SELECT *, 6371 ...', Array, false)
#4 C:\Users\RIZKY\Downloads\Folder Joki\ci-backburner\vendor\codeigniter4\framework\system\Model.php(213): CodeIgniter\Database\BaseBuilder->get()
#5 C:\Users\RIZKY\Downloads\Folder Joki\ci-backburner\vendor\codeigniter4\framework\system\BaseModel.php(583): CodeIgniter\Model->doFindAll(10, 0)
#6 C:\Users\RIZKY\Downloads\Folder Joki\ci-backburner\app\Models\ApotikModel.php(20): CodeIgniter\BaseModel->findAll(10)
#7 C:\Users\RIZKY\Downloads\Folder Joki\ci-backburner\app\Controllers\HomeController.php(45): App\Models\ApotikModel->getRecommendedApotiks('', '')
#8 C:\Users\RIZKY\Downloads\Folder Joki\ci-backburner\vendor\codeigniter4\framework\system\CodeIgniter.php(935): App\Controllers\HomeController->showRecomendation()
#9 C:\Users\RIZKY\Downloads\Folder Joki\ci-backburner\vendor\codeigniter4\framework\system\CodeIgniter.php(431): CodeIgniter\CodeIgniter->runController(Object(App\Controllers\HomeController))
#10 C:\Users\RIZKY\Downloads\Folder Joki\ci-backburner\vendor\codeigniter4\framework\system\CodeIgniter.php(332): CodeIgniter\CodeIgniter->handleRequest(NULL, Object(Config\Cache), false)
#11 C:\Users\RIZKY\Downloads\Folder Joki\ci-backburner\public\index.php(44): CodeIgniter\CodeIgniter->run()
#12 C:\Users\RIZKY\Downloads\Folder Joki\ci-backburner\vendor\codeigniter4\framework\system\Commands\Server\rewrite.php(45): require_once('C:\\Users\\RIZKY\\...')
#13 {main}
ERROR - 2024-06-22 22:06:36 --> mysqli_sql_exception: Incorrect parameter count in the call to native function 'radians' in C:\Users\RIZKY\Downloads\Folder Joki\ci-backburner\vendor\codeigniter4\framework\system\Database\MySQLi\Connection.php:314
Stack trace:
#0 C:\Users\RIZKY\Downloads\Folder Joki\ci-backburner\vendor\codeigniter4\framework\system\Database\MySQLi\Connection.php(314): mysqli->query('SELECT *, 6371 ...')
#1 C:\Users\RIZKY\Downloads\Folder Joki\ci-backburner\vendor\codeigniter4\framework\system\Database\BaseConnection.php(715): CodeIgniter\Database\MySQLi\Connection->execute('SELECT *, 6371 ...')
#2 C:\Users\RIZKY\Downloads\Folder Joki\ci-backburner\vendor\codeigniter4\framework\system\Database\BaseConnection.php(643): CodeIgniter\Database\BaseConnection->simpleQuery('SELECT *, 6371 ...')
#3 C:\Users\RIZKY\Downloads\Folder Joki\ci-backburner\vendor\codeigniter4\framework\system\Database\BaseBuilder.php(1866): CodeIgniter\Database\BaseConnection->query('SELECT *, 6371 ...', Array, false)
#4 C:\Users\RIZKY\Downloads\Folder Joki\ci-backburner\vendor\codeigniter4\framework\system\Model.php(213): CodeIgniter\Database\BaseBuilder->get()
#5 C:\Users\RIZKY\Downloads\Folder Joki\ci-backburner\vendor\codeigniter4\framework\system\BaseModel.php(583): CodeIgniter\Model->doFindAll(10, 0)
#6 C:\Users\RIZKY\Downloads\Folder Joki\ci-backburner\app\Models\ApotikModel.php(20): CodeIgniter\BaseModel->findAll(10)
#7 C:\Users\RIZKY\Downloads\Folder Joki\ci-backburner\app\Controllers\HomeController.php(45): App\Models\ApotikModel->getRecommendedApotiks('', '')
#8 C:\Users\RIZKY\Downloads\Folder Joki\ci-backburner\vendor\codeigniter4\framework\system\CodeIgniter.php(935): App\Controllers\HomeController->showRecomendation()
#9 C:\Users\RIZKY\Downloads\Folder Joki\ci-backburner\vendor\codeigniter4\framework\system\CodeIgniter.php(431): CodeIgniter\CodeIgniter->runController(Object(App\Controllers\HomeController))
#10 C:\Users\RIZKY\Downloads\Folder Joki\ci-backburner\vendor\codeigniter4\framework\system\CodeIgniter.php(332): CodeIgniter\CodeIgniter->handleRequest(NULL, Object(Config\Cache), false)
#11 C:\Users\RIZKY\Downloads\Folder Joki\ci-backburner\public\index.php(44): CodeIgniter\CodeIgniter->run()
#12 C:\Users\RIZKY\Downloads\Folder Joki\ci-backburner\vendor\codeigniter4\framework\system\Commands\Server\rewrite.php(45): require_once('C:\\Users\\RIZKY\\...')
#13 {main}
ERROR - 2024-06-22 22:09:37 --> mysqli_sql_exception: Incorrect parameter count in the call to native function 'radians' in C:\Users\RIZKY\Downloads\Folder Joki\ci-backburner\vendor\codeigniter4\framework\system\Database\MySQLi\Connection.php:314
Stack trace:
#0 C:\Users\RIZKY\Downloads\Folder Joki\ci-backburner\vendor\codeigniter4\framework\system\Database\MySQLi\Connection.php(314): mysqli->query('SELECT *, 6371 ...')
#1 C:\Users\RIZKY\Downloads\Folder Joki\ci-backburner\vendor\codeigniter4\framework\system\Database\BaseConnection.php(715): CodeIgniter\Database\MySQLi\Connection->execute('SELECT *, 6371 ...')
#2 C:\Users\RIZKY\Downloads\Folder Joki\ci-backburner\vendor\codeigniter4\framework\system\Database\BaseConnection.php(643): CodeIgniter\Database\BaseConnection->simpleQuery('SELECT *, 6371 ...')
#3 C:\Users\RIZKY\Downloads\Folder Joki\ci-backburner\vendor\codeigniter4\framework\system\Database\BaseBuilder.php(1866): CodeIgniter\Database\BaseConnection->query('SELECT *, 6371 ...', Array, false)
#4 C:\Users\RIZKY\Downloads\Folder Joki\ci-backburner\vendor\codeigniter4\framework\system\Model.php(213): CodeIgniter\Database\BaseBuilder->get()
#5 C:\Users\RIZKY\Downloads\Folder Joki\ci-backburner\vendor\codeigniter4\framework\system\BaseModel.php(583): CodeIgniter\Model->doFindAll(10, 0)
#6 C:\Users\RIZKY\Downloads\Folder Joki\ci-backburner\app\Models\ApotikModel.php(20): CodeIgniter\BaseModel->findAll(10)
#7 C:\Users\RIZKY\Downloads\Folder Joki\ci-backburner\app\Controllers\HomeController.php(45): App\Models\ApotikModel->getRecommendedApotiks('', '')
#8 C:\Users\RIZKY\Downloads\Folder Joki\ci-backburner\vendor\codeigniter4\framework\system\CodeIgniter.php(935): App\Controllers\HomeController->showRecomendation()
#9 C:\Users\RIZKY\Downloads\Folder Joki\ci-backburner\vendor\codeigniter4\framework\system\CodeIgniter.php(431): CodeIgniter\CodeIgniter->runController(Object(App\Controllers\HomeController))
#10 C:\Users\RIZKY\Downloads\Folder Joki\ci-backburner\vendor\codeigniter4\framework\system\CodeIgniter.php(332): CodeIgniter\CodeIgniter->handleRequest(NULL, Object(Config\Cache), false)
#11 C:\Users\RIZKY\Downloads\Folder Joki\ci-backburner\public\index.php(44): CodeIgniter\CodeIgniter->run()
#12 C:\Users\RIZKY\Downloads\Folder Joki\ci-backburner\vendor\codeigniter4\framework\system\Commands\Server\rewrite.php(45): require_once('C:\\Users\\RIZKY\\...')
#13 {main}
ERROR - 2024-06-22 22:10:21 --> mysqli_sql_exception: Incorrect parameter count in the call to native function 'radians' in C:\Users\RIZKY\Downloads\Folder Joki\ci-backburner\vendor\codeigniter4\framework\system\Database\MySQLi\Connection.php:314
Stack trace:
#0 C:\Users\RIZKY\Downloads\Folder Joki\ci-backburner\vendor\codeigniter4\framework\system\Database\MySQLi\Connection.php(314): mysqli->query('SELECT *, 6371 ...')
#1 C:\Users\RIZKY\Downloads\Folder Joki\ci-backburner\vendor\codeigniter4\framework\system\Database\BaseConnection.php(715): CodeIgniter\Database\MySQLi\Connection->execute('SELECT *, 6371 ...')
#2 C:\Users\RIZKY\Downloads\Folder Joki\ci-backburner\vendor\codeigniter4\framework\system\Database\BaseConnection.php(643): CodeIgniter\Database\BaseConnection->simpleQuery('SELECT *, 6371 ...')
#3 C:\Users\RIZKY\Downloads\Folder Joki\ci-backburner\vendor\codeigniter4\framework\system\Database\BaseBuilder.php(1866): CodeIgniter\Database\BaseConnection->query('SELECT *, 6371 ...', Array, false)
#4 C:\Users\RIZKY\Downloads\Folder Joki\ci-backburner\vendor\codeigniter4\framework\system\Model.php(213): CodeIgniter\Database\BaseBuilder->get()
#5 C:\Users\RIZKY\Downloads\Folder Joki\ci-backburner\vendor\codeigniter4\framework\system\BaseModel.php(583): CodeIgniter\Model->doFindAll(10, 0)
#6 C:\Users\RIZKY\Downloads\Folder Joki\ci-backburner\app\Models\ApotikModel.php(20): CodeIgniter\BaseModel->findAll(10)
#7 C:\Users\RIZKY\Downloads\Folder Joki\ci-backburner\app\Controllers\HomeController.php(45): App\Models\ApotikModel->getRecommendedApotiks('', '')
#8 C:\Users\RIZKY\Downloads\Folder Joki\ci-backburner\vendor\codeigniter4\framework\system\CodeIgniter.php(935): App\Controllers\HomeController->showRecomendation()
#9 C:\Users\RIZKY\Downloads\Folder Joki\ci-backburner\vendor\codeigniter4\framework\system\CodeIgniter.php(431): CodeIgniter\CodeIgniter->runController(Object(App\Controllers\HomeController))
#10 C:\Users\RIZKY\Downloads\Folder Joki\ci-backburner\vendor\codeigniter4\framework\system\CodeIgniter.php(332): CodeIgniter\CodeIgniter->handleRequest(NULL, Object(Config\Cache), false)
#11 C:\Users\RIZKY\Downloads\Folder Joki\ci-backburner\public\index.php(44): CodeIgniter\CodeIgniter->run()
#12 C:\Users\RIZKY\Downloads\Folder Joki\ci-backburner\vendor\codeigniter4\framework\system\Commands\Server\rewrite.php(45): require_once('C:\\Users\\RIZKY\\...')
#13 {main}
ERROR - 2024-06-22 23:40:57 --> Error connecting to the database: No connection could be made because the target machine actively refused it.

CRITICAL - 2024-06-22 23:40:57 --> Unable to connect to the database.
#0 C:\Users\RIZKY\Downloads\Folder Joki\ci-backburner\vendor\codeigniter4\framework\system\Database\BaseConnection.php(620): CodeIgniter\Database\BaseConnection->initialize()
#1 C:\Users\RIZKY\Downloads\Folder Joki\ci-backburner\vendor\codeigniter4\framework\system\Database\BaseBuilder.php(1866): CodeIgniter\Database\BaseConnection->query('SELECT *\nFROM `...', Array, false)
#2 C:\Users\RIZKY\Downloads\Folder Joki\ci-backburner\vendor\codeigniter4\framework\system\Model.php(213): CodeIgniter\Database\BaseBuilder->get()
#3 C:\Users\RIZKY\Downloads\Folder Joki\ci-backburner\vendor\codeigniter4\framework\system\BaseModel.php(583): CodeIgniter\Model->doFindAll(0, 0)
#4 C:\Users\RIZKY\Downloads\Folder Joki\ci-backburner\app\Controllers\HomeController.php(20): CodeIgniter\BaseModel->findAll()
#5 C:\Users\RIZKY\Downloads\Folder Joki\ci-backburner\vendor\codeigniter4\framework\system\CodeIgniter.php(935): App\Controllers\HomeController->getApotiks()
#6 C:\Users\RIZKY\Downloads\Folder Joki\ci-backburner\vendor\codeigniter4\framework\system\CodeIgniter.php(431): CodeIgniter\CodeIgniter->runController(Object(App\Controllers\HomeController))
#7 C:\Users\RIZKY\Downloads\Folder Joki\ci-backburner\vendor\codeigniter4\framework\system\CodeIgniter.php(332): CodeIgniter\CodeIgniter->handleRequest(NULL, Object(Config\Cache), false)
#8 C:\Users\RIZKY\Downloads\Folder Joki\ci-backburner\public\index.php(44): CodeIgniter\CodeIgniter->run()
#9 C:\Users\RIZKY\Downloads\Folder Joki\ci-backburner\vendor\codeigniter4\framework\system\Commands\Server\rewrite.php(45): require_once('C:\\Users\\RIZKY\\...')
#10 {main}
ERROR - 2024-06-22 23:41:13 --> mysqli_sql_exception: Incorrect parameter count in the call to native function 'radians' in C:\Users\RIZKY\Downloads\Folder Joki\ci-backburner\vendor\codeigniter4\framework\system\Database\MySQLi\Connection.php:314
Stack trace:
#0 C:\Users\RIZKY\Downloads\Folder Joki\ci-backburner\vendor\codeigniter4\framework\system\Database\MySQLi\Connection.php(314): mysqli->query('SELECT *, 6371 ...')
#1 C:\Users\RIZKY\Downloads\Folder Joki\ci-backburner\vendor\codeigniter4\framework\system\Database\BaseConnection.php(715): CodeIgniter\Database\MySQLi\Connection->execute('SELECT *, 6371 ...')
#2 C:\Users\RIZKY\Downloads\Folder Joki\ci-backburner\vendor\codeigniter4\framework\system\Database\BaseConnection.php(643): CodeIgniter\Database\BaseConnection->simpleQuery('SELECT *, 6371 ...')
#3 C:\Users\RIZKY\Downloads\Folder Joki\ci-backburner\vendor\codeigniter4\framework\system\Database\BaseBuilder.php(1866): CodeIgniter\Database\BaseConnection->query('SELECT *, 6371 ...', Array, false)
#4 C:\Users\RIZKY\Downloads\Folder Joki\ci-backburner\vendor\codeigniter4\framework\system\Model.php(213): CodeIgniter\Database\BaseBuilder->get()
#5 C:\Users\RIZKY\Downloads\Folder Joki\ci-backburner\vendor\codeigniter4\framework\system\BaseModel.php(583): CodeIgniter\Model->doFindAll(10, 0)
#6 C:\Users\RIZKY\Downloads\Folder Joki\ci-backburner\app\Models\ApotikModel.php(20): CodeIgniter\BaseModel->findAll(10)
#7 C:\Users\RIZKY\Downloads\Folder Joki\ci-backburner\app\Controllers\HomeController.php(45): App\Models\ApotikModel->getRecommendedApotiks('', '')
#8 C:\Users\RIZKY\Downloads\Folder Joki\ci-backburner\vendor\codeigniter4\framework\system\CodeIgniter.php(935): App\Controllers\HomeController->showRecomendation()
#9 C:\Users\RIZKY\Downloads\Folder Joki\ci-backburner\vendor\codeigniter4\framework\system\CodeIgniter.php(431): CodeIgniter\CodeIgniter->runController(Object(App\Controllers\HomeController))
#10 C:\Users\RIZKY\Downloads\Folder Joki\ci-backburner\vendor\codeigniter4\framework\system\CodeIgniter.php(332): CodeIgniter\CodeIgniter->handleRequest(NULL, Object(Config\Cache), false)
#11 C:\Users\RIZKY\Downloads\Folder Joki\ci-backburner\public\index.php(44): CodeIgniter\CodeIgniter->run()
#12 C:\Users\RIZKY\Downloads\Folder Joki\ci-backburner\vendor\codeigniter4\framework\system\Commands\Server\rewrite.php(45): require_once('C:\\Users\\RIZKY\\...')
#13 {main}
ERROR - 2024-06-22 23:41:22 --> mysqli_sql_exception: Incorrect parameter count in the call to native function 'radians' in C:\Users\RIZKY\Downloads\Folder Joki\ci-backburner\vendor\codeigniter4\framework\system\Database\MySQLi\Connection.php:314
Stack trace:
#0 C:\Users\RIZKY\Downloads\Folder Joki\ci-backburner\vendor\codeigniter4\framework\system\Database\MySQLi\Connection.php(314): mysqli->query('SELECT *, 6371 ...')
#1 C:\Users\RIZKY\Downloads\Folder Joki\ci-backburner\vendor\codeigniter4\framework\system\Database\BaseConnection.php(715): CodeIgniter\Database\MySQLi\Connection->execute('SELECT *, 6371 ...')
#2 C:\Users\RIZKY\Downloads\Folder Joki\ci-backburner\vendor\codeigniter4\framework\system\Database\BaseConnection.php(643): CodeIgniter\Database\BaseConnection->simpleQuery('SELECT *, 6371 ...')
#3 C:\Users\RIZKY\Downloads\Folder Joki\ci-backburner\vendor\codeigniter4\framework\system\Database\BaseBuilder.php(1866): CodeIgniter\Database\BaseConnection->query('SELECT *, 6371 ...', Array, false)
#4 C:\Users\RIZKY\Downloads\Folder Joki\ci-backburner\vendor\codeigniter4\framework\system\Model.php(213): CodeIgniter\Database\BaseBuilder->get()
#5 C:\Users\RIZKY\Downloads\Folder Joki\ci-backburner\vendor\codeigniter4\framework\system\BaseModel.php(583): CodeIgniter\Model->doFindAll(10, 0)
#6 C:\Users\RIZKY\Downloads\Folder Joki\ci-backburner\app\Models\ApotikModel.php(20): CodeIgniter\BaseModel->findAll(10)
#7 C:\Users\RIZKY\Downloads\Folder Joki\ci-backburner\app\Controllers\HomeController.php(45): App\Models\ApotikModel->getRecommendedApotiks('', '')
#8 C:\Users\RIZKY\Downloads\Folder Joki\ci-backburner\vendor\codeigniter4\framework\system\CodeIgniter.php(935): App\Controllers\HomeController->showRecomendation()
#9 C:\Users\RIZKY\Downloads\Folder Joki\ci-backburner\vendor\codeigniter4\framework\system\CodeIgniter.php(431): CodeIgniter\CodeIgniter->runController(Object(App\Controllers\HomeController))
#10 C:\Users\RIZKY\Downloads\Folder Joki\ci-backburner\vendor\codeigniter4\framework\system\CodeIgniter.php(332): CodeIgniter\CodeIgniter->handleRequest(NULL, Object(Config\Cache), false)
#11 C:\Users\RIZKY\Downloads\Folder Joki\ci-backburner\public\index.php(44): CodeIgniter\CodeIgniter->run()
#12 C:\Users\RIZKY\Downloads\Folder Joki\ci-backburner\vendor\codeigniter4\framework\system\Commands\Server\rewrite.php(45): require_once('C:\\Users\\RIZKY\\...')
#13 {main}
ERROR - 2024-06-22 23:41:54 --> mysqli_sql_exception: Incorrect parameter count in the call to native function 'radians' in C:\Users\RIZKY\Downloads\Folder Joki\ci-backburner\vendor\codeigniter4\framework\system\Database\MySQLi\Connection.php:314
Stack trace:
#0 C:\Users\RIZKY\Downloads\Folder Joki\ci-backburner\vendor\codeigniter4\framework\system\Database\MySQLi\Connection.php(314): mysqli->query('SELECT *, 6371 ...')
#1 C:\Users\RIZKY\Downloads\Folder Joki\ci-backburner\vendor\codeigniter4\framework\system\Database\BaseConnection.php(715): CodeIgniter\Database\MySQLi\Connection->execute('SELECT *, 6371 ...')
#2 C:\Users\RIZKY\Downloads\Folder Joki\ci-backburner\vendor\codeigniter4\framework\system\Database\BaseConnection.php(643): CodeIgniter\Database\BaseConnection->simpleQuery('SELECT *, 6371 ...')
#3 C:\Users\RIZKY\Downloads\Folder Joki\ci-backburner\vendor\codeigniter4\framework\system\Database\BaseBuilder.php(1866): CodeIgniter\Database\BaseConnection->query('SELECT *, 6371 ...', Array, false)
#4 C:\Users\RIZKY\Downloads\Folder Joki\ci-backburner\vendor\codeigniter4\framework\system\Model.php(213): CodeIgniter\Database\BaseBuilder->get()
#5 C:\Users\RIZKY\Downloads\Folder Joki\ci-backburner\vendor\codeigniter4\framework\system\BaseModel.php(583): CodeIgniter\Model->doFindAll(10, 0)
#6 C:\Users\RIZKY\Downloads\Folder Joki\ci-backburner\app\Models\ApotikModel.php(20): CodeIgniter\BaseModel->findAll(10)
#7 C:\Users\RIZKY\Downloads\Folder Joki\ci-backburner\app\Controllers\HomeController.php(45): App\Models\ApotikModel->getRecommendedApotiks('', '')
#8 C:\Users\RIZKY\Downloads\Folder Joki\ci-backburner\vendor\codeigniter4\framework\system\CodeIgniter.php(935): App\Controllers\HomeController->showRecomendation()
#9 C:\Users\RIZKY\Downloads\Folder Joki\ci-backburner\vendor\codeigniter4\framework\system\CodeIgniter.php(431): CodeIgniter\CodeIgniter->runController(Object(App\Controllers\HomeController))
#10 C:\Users\RIZKY\Downloads\Folder Joki\ci-backburner\vendor\codeigniter4\framework\system\CodeIgniter.php(332): CodeIgniter\CodeIgniter->handleRequest(NULL, Object(Config\Cache), false)
#11 C:\Users\RIZKY\Downloads\Folder Joki\ci-backburner\public\index.php(44): CodeIgniter\CodeIgniter->run()
#12 C:\Users\RIZKY\Downloads\Folder Joki\ci-backburner\vendor\codeigniter4\framework\system\Commands\Server\rewrite.php(45): require_once('C:\\Users\\RIZKY\\...')
#13 {main}
ERROR - 2024-06-22 23:41:58 --> mysqli_sql_exception: Incorrect parameter count in the call to native function 'radians' in C:\Users\RIZKY\Downloads\Folder Joki\ci-backburner\vendor\codeigniter4\framework\system\Database\MySQLi\Connection.php:314
Stack trace:
#0 C:\Users\RIZKY\Downloads\Folder Joki\ci-backburner\vendor\codeigniter4\framework\system\Database\MySQLi\Connection.php(314): mysqli->query('SELECT *, 6371 ...')
#1 C:\Users\RIZKY\Downloads\Folder Joki\ci-backburner\vendor\codeigniter4\framework\system\Database\BaseConnection.php(715): CodeIgniter\Database\MySQLi\Connection->execute('SELECT *, 6371 ...')
#2 C:\Users\RIZKY\Downloads\Folder Joki\ci-backburner\vendor\codeigniter4\framework\system\Database\BaseConnection.php(643): CodeIgniter\Database\BaseConnection->simpleQuery('SELECT *, 6371 ...')
#3 C:\Users\RIZKY\Downloads\Folder Joki\ci-backburner\vendor\codeigniter4\framework\system\Database\BaseBuilder.php(1866): CodeIgniter\Database\BaseConnection->query('SELECT *, 6371 ...', Array, false)
#4 C:\Users\RIZKY\Downloads\Folder Joki\ci-backburner\vendor\codeigniter4\framework\system\Model.php(213): CodeIgniter\Database\BaseBuilder->get()
#5 C:\Users\RIZKY\Downloads\Folder Joki\ci-backburner\vendor\codeigniter4\framework\system\BaseModel.php(583): CodeIgniter\Model->doFindAll(10, 0)
#6 C:\Users\RIZKY\Downloads\Folder Joki\ci-backburner\app\Models\ApotikModel.php(20): CodeIgniter\BaseModel->findAll(10)
#7 C:\Users\RIZKY\Downloads\Folder Joki\ci-backburner\app\Controllers\HomeController.php(45): App\Models\ApotikModel->getRecommendedApotiks('', '')
#8 C:\Users\RIZKY\Downloads\Folder Joki\ci-backburner\vendor\codeigniter4\framework\system\CodeIgniter.php(935): App\Controllers\HomeController->showRecomendation()
#9 C:\Users\RIZKY\Downloads\Folder Joki\ci-backburner\vendor\codeigniter4\framework\system\CodeIgniter.php(431): CodeIgniter\CodeIgniter->runController(Object(App\Controllers\HomeController))
#10 C:\Users\RIZKY\Downloads\Folder Joki\ci-backburner\vendor\codeigniter4\framework\system\CodeIgniter.php(332): CodeIgniter\CodeIgniter->handleRequest(NULL, Object(Config\Cache), false)
#11 C:\Users\RIZKY\Downloads\Folder Joki\ci-backburner\public\index.php(44): CodeIgniter\CodeIgniter->run()
#12 C:\Users\RIZKY\Downloads\Folder Joki\ci-backburner\vendor\codeigniter4\framework\system\Commands\Server\rewrite.php(45): require_once('C:\\Users\\RIZKY\\...')
#13 {main}
ERROR - 2024-06-22 23:42:47 --> mysqli_sql_exception: Incorrect parameter count in the call to native function 'radians' in C:\Users\RIZKY\Downloads\Folder Joki\ci-backburner\vendor\codeigniter4\framework\system\Database\MySQLi\Connection.php:314
Stack trace:
#0 C:\Users\RIZKY\Downloads\Folder Joki\ci-backburner\vendor\codeigniter4\framework\system\Database\MySQLi\Connection.php(314): mysqli->query('SELECT *, 6371 ...')
#1 C:\Users\RIZKY\Downloads\Folder Joki\ci-backburner\vendor\codeigniter4\framework\system\Database\BaseConnection.php(715): CodeIgniter\Database\MySQLi\Connection->execute('SELECT *, 6371 ...')
#2 C:\Users\RIZKY\Downloads\Folder Joki\ci-backburner\vendor\codeigniter4\framework\system\Database\BaseConnection.php(643): CodeIgniter\Database\BaseConnection->simpleQuery('SELECT *, 6371 ...')
#3 C:\Users\RIZKY\Downloads\Folder Joki\ci-backburner\vendor\codeigniter4\framework\system\Database\BaseBuilder.php(1866): CodeIgniter\Database\BaseConnection->query('SELECT *, 6371 ...', Array, false)
#4 C:\Users\RIZKY\Downloads\Folder Joki\ci-backburner\vendor\codeigniter4\framework\system\Model.php(213): CodeIgniter\Database\BaseBuilder->get()
#5 C:\Users\RIZKY\Downloads\Folder Joki\ci-backburner\vendor\codeigniter4\framework\system\BaseModel.php(583): CodeIgniter\Model->doFindAll(10, 0)
#6 C:\Users\RIZKY\Downloads\Folder Joki\ci-backburner\app\Models\ApotikModel.php(20): CodeIgniter\BaseModel->findAll(10)
#7 C:\Users\RIZKY\Downloads\Folder Joki\ci-backburner\app\Controllers\HomeController.php(45): App\Models\ApotikModel->getRecommendedApotiks('', '')
#8 C:\Users\RIZKY\Downloads\Folder Joki\ci-backburner\vendor\codeigniter4\framework\system\CodeIgniter.php(935): App\Controllers\HomeController->showRecomendation()
#9 C:\Users\RIZKY\Downloads\Folder Joki\ci-backburner\vendor\codeigniter4\framework\system\CodeIgniter.php(431): CodeIgniter\CodeIgniter->runController(Object(App\Controllers\HomeController))
#10 C:\Users\RIZKY\Downloads\Folder Joki\ci-backburner\vendor\codeigniter4\framework\system\CodeIgniter.php(332): CodeIgniter\CodeIgniter->handleRequest(NULL, Object(Config\Cache), false)
#11 C:\Users\RIZKY\Downloads\Folder Joki\ci-backburner\public\index.php(44): CodeIgniter\CodeIgniter->run()
#12 C:\Users\RIZKY\Downloads\Folder Joki\ci-backburner\vendor\codeigniter4\framework\system\Commands\Server\rewrite.php(45): require_once('C:\\Users\\RIZKY\\...')
#13 {main}
