CRITICAL - 2024-06-26 00:12:24 --> A non-numeric value encountered
#0 C:\Users\RIZKY\Downloads\Folder Joki\ci-backburner\app\Views\new.php(156): CodeIgniter\Debug\Exceptions->errorHandler(2, 'A non-numeric v...', 'C:\\Users\\RIZKY\\...', 156, Array)
#1 C:\Users\RIZKY\Downloads\Folder Joki\ci-backburner\vendor\codeigniter4\framework\system\View\View.php(220): include('C:\\Users\\RIZKY\\...')
#2 C:\Users\RIZKY\Downloads\Folder Joki\ci-backburner\vendor\codeigniter4\framework\system\View\View.php(222): CodeIgniter\View\View->CodeIgniter\View\{closure}()
#3 C:\Users\RIZKY\Downloads\Folder Joki\ci-backburner\vendor\codeigniter4\framework\system\Common.php(1217): CodeIgniter\View\View->render('new', Array, true)
#4 C:\Users\RIZKY\Downloads\Folder Joki\ci-backburner\app\Controllers\HomeController.php(46): view('new', Array)
#5 C:\Users\RIZKY\Downloads\Folder Joki\ci-backburner\vendor\codeigniter4\framework\system\CodeIgniter.php(935): App\Controllers\HomeController->showDetail('1')
#6 C:\Users\RIZKY\Downloads\Folder Joki\ci-backburner\vendor\codeigniter4\framework\system\CodeIgniter.php(431): CodeIgniter\CodeIgniter->runController(Object(App\Controllers\HomeController))
#7 C:\Users\RIZKY\Downloads\Folder Joki\ci-backburner\vendor\codeigniter4\framework\system\CodeIgniter.php(332): CodeIgniter\CodeIgniter->handleRequest(NULL, Object(Config\Cache), false)
#8 C:\Users\RIZKY\Downloads\Folder Joki\ci-backburner\public\index.php(44): CodeIgniter\CodeIgniter->run()
#9 C:\Users\RIZKY\Downloads\Folder Joki\ci-backburner\vendor\codeigniter4\framework\system\Commands\Server\rewrite.php(45): require_once('C:\\Users\\RIZKY\\...')
#10 {main}
CRITICAL - 2024-06-26 00:12:25 --> A non-numeric value encountered
#0 C:\Users\RIZKY\Downloads\Folder Joki\ci-backburner\app\Views\new.php(156): CodeIgniter\Debug\Exceptions->errorHandler(2, 'A non-numeric v...', 'C:\\Users\\RIZKY\\...', 156, Array)
#1 C:\Users\RIZKY\Downloads\Folder Joki\ci-backburner\vendor\codeigniter4\framework\system\View\View.php(220): include('C:\\Users\\RIZKY\\...')
#2 C:\Users\RIZKY\Downloads\Folder Joki\ci-backburner\vendor\codeigniter4\framework\system\View\View.php(222): CodeIgniter\View\View->CodeIgniter\View\{closure}()
#3 C:\Users\RIZKY\Downloads\Folder Joki\ci-backburner\vendor\codeigniter4\framework\system\Common.php(1217): CodeIgniter\View\View->render('new', Array, true)
#4 C:\Users\RIZKY\Downloads\Folder Joki\ci-backburner\app\Controllers\HomeController.php(46): view('new', Array)
#5 C:\Users\RIZKY\Downloads\Folder Joki\ci-backburner\vendor\codeigniter4\framework\system\CodeIgniter.php(935): App\Controllers\HomeController->showDetail('1')
#6 C:\Users\RIZKY\Downloads\Folder Joki\ci-backburner\vendor\codeigniter4\framework\system\CodeIgniter.php(431): CodeIgniter\CodeIgniter->runController(Object(App\Controllers\HomeController))
#7 C:\Users\RIZKY\Downloads\Folder Joki\ci-backburner\vendor\codeigniter4\framework\system\CodeIgniter.php(332): CodeIgniter\CodeIgniter->handleRequest(NULL, Object(Config\Cache), false)
#8 C:\Users\RIZKY\Downloads\Folder Joki\ci-backburner\public\index.php(44): CodeIgniter\CodeIgniter->run()
#9 C:\Users\RIZKY\Downloads\Folder Joki\ci-backburner\vendor\codeigniter4\framework\system\Commands\Server\rewrite.php(45): require_once('C:\\Users\\RIZKY\\...')
#10 {main}
CRITICAL - 2024-06-26 00:12:25 --> A non-numeric value encountered
#0 C:\Users\RIZKY\Downloads\Folder Joki\ci-backburner\app\Views\new.php(156): CodeIgniter\Debug\Exceptions->errorHandler(2, 'A non-numeric v...', 'C:\\Users\\RIZKY\\...', 156, Array)
#1 C:\Users\RIZKY\Downloads\Folder Joki\ci-backburner\vendor\codeigniter4\framework\system\View\View.php(220): include('C:\\Users\\RIZKY\\...')
#2 C:\Users\RIZKY\Downloads\Folder Joki\ci-backburner\vendor\codeigniter4\framework\system\View\View.php(222): CodeIgniter\View\View->CodeIgniter\View\{closure}()
#3 C:\Users\RIZKY\Downloads\Folder Joki\ci-backburner\vendor\codeigniter4\framework\system\Common.php(1217): CodeIgniter\View\View->render('new', Array, true)
#4 C:\Users\RIZKY\Downloads\Folder Joki\ci-backburner\app\Controllers\HomeController.php(46): view('new', Array)
#5 C:\Users\RIZKY\Downloads\Folder Joki\ci-backburner\vendor\codeigniter4\framework\system\CodeIgniter.php(935): App\Controllers\HomeController->showDetail('1')
#6 C:\Users\RIZKY\Downloads\Folder Joki\ci-backburner\vendor\codeigniter4\framework\system\CodeIgniter.php(431): CodeIgniter\CodeIgniter->runController(Object(App\Controllers\HomeController))
#7 C:\Users\RIZKY\Downloads\Folder Joki\ci-backburner\vendor\codeigniter4\framework\system\CodeIgniter.php(332): CodeIgniter\CodeIgniter->handleRequest(NULL, Object(Config\Cache), false)
#8 C:\Users\RIZKY\Downloads\Folder Joki\ci-backburner\public\index.php(44): CodeIgniter\CodeIgniter->run()
#9 C:\Users\RIZKY\Downloads\Folder Joki\ci-backburner\vendor\codeigniter4\framework\system\Commands\Server\rewrite.php(45): require_once('C:\\Users\\RIZKY\\...')
#10 {main}
CRITICAL - 2024-06-26 00:12:25 --> A non-numeric value encountered
#0 C:\Users\RIZKY\Downloads\Folder Joki\ci-backburner\app\Views\new.php(156): CodeIgniter\Debug\Exceptions->errorHandler(2, 'A non-numeric v...', 'C:\\Users\\RIZKY\\...', 156, Array)
#1 C:\Users\RIZKY\Downloads\Folder Joki\ci-backburner\vendor\codeigniter4\framework\system\View\View.php(220): include('C:\\Users\\RIZKY\\...')
#2 C:\Users\RIZKY\Downloads\Folder Joki\ci-backburner\vendor\codeigniter4\framework\system\View\View.php(222): CodeIgniter\View\View->CodeIgniter\View\{closure}()
#3 C:\Users\RIZKY\Downloads\Folder Joki\ci-backburner\vendor\codeigniter4\framework\system\Common.php(1217): CodeIgniter\View\View->render('new', Array, true)
#4 C:\Users\RIZKY\Downloads\Folder Joki\ci-backburner\app\Controllers\HomeController.php(46): view('new', Array)
#5 C:\Users\RIZKY\Downloads\Folder Joki\ci-backburner\vendor\codeigniter4\framework\system\CodeIgniter.php(935): App\Controllers\HomeController->showDetail('1')
#6 C:\Users\RIZKY\Downloads\Folder Joki\ci-backburner\vendor\codeigniter4\framework\system\CodeIgniter.php(431): CodeIgniter\CodeIgniter->runController(Object(App\Controllers\HomeController))
#7 C:\Users\RIZKY\Downloads\Folder Joki\ci-backburner\vendor\codeigniter4\framework\system\CodeIgniter.php(332): CodeIgniter\CodeIgniter->handleRequest(NULL, Object(Config\Cache), false)
#8 C:\Users\RIZKY\Downloads\Folder Joki\ci-backburner\public\index.php(44): CodeIgniter\CodeIgniter->run()
#9 C:\Users\RIZKY\Downloads\Folder Joki\ci-backburner\vendor\codeigniter4\framework\system\Commands\Server\rewrite.php(45): require_once('C:\\Users\\RIZKY\\...')
#10 {main}
CRITICAL - 2024-06-26 00:12:25 --> A non-numeric value encountered
#0 C:\Users\RIZKY\Downloads\Folder Joki\ci-backburner\app\Views\new.php(156): CodeIgniter\Debug\Exceptions->errorHandler(2, 'A non-numeric v...', 'C:\\Users\\RIZKY\\...', 156, Array)
#1 C:\Users\RIZKY\Downloads\Folder Joki\ci-backburner\vendor\codeigniter4\framework\system\View\View.php(220): include('C:\\Users\\RIZKY\\...')
#2 C:\Users\RIZKY\Downloads\Folder Joki\ci-backburner\vendor\codeigniter4\framework\system\View\View.php(222): CodeIgniter\View\View->CodeIgniter\View\{closure}()
#3 C:\Users\RIZKY\Downloads\Folder Joki\ci-backburner\vendor\codeigniter4\framework\system\Common.php(1217): CodeIgniter\View\View->render('new', Array, true)
#4 C:\Users\RIZKY\Downloads\Folder Joki\ci-backburner\app\Controllers\HomeController.php(46): view('new', Array)
#5 C:\Users\RIZKY\Downloads\Folder Joki\ci-backburner\vendor\codeigniter4\framework\system\CodeIgniter.php(935): App\Controllers\HomeController->showDetail('1')
#6 C:\Users\RIZKY\Downloads\Folder Joki\ci-backburner\vendor\codeigniter4\framework\system\CodeIgniter.php(431): CodeIgniter\CodeIgniter->runController(Object(App\Controllers\HomeController))
#7 C:\Users\RIZKY\Downloads\Folder Joki\ci-backburner\vendor\codeigniter4\framework\system\CodeIgniter.php(332): CodeIgniter\CodeIgniter->handleRequest(NULL, Object(Config\Cache), false)
#8 C:\Users\RIZKY\Downloads\Folder Joki\ci-backburner\public\index.php(44): CodeIgniter\CodeIgniter->run()
#9 C:\Users\RIZKY\Downloads\Folder Joki\ci-backburner\vendor\codeigniter4\framework\system\Commands\Server\rewrite.php(45): require_once('C:\\Users\\RIZKY\\...')
#10 {main}
CRITICAL - 2024-06-26 00:12:26 --> A non-numeric value encountered
#0 C:\Users\RIZKY\Downloads\Folder Joki\ci-backburner\app\Views\new.php(156): CodeIgniter\Debug\Exceptions->errorHandler(2, 'A non-numeric v...', 'C:\\Users\\RIZKY\\...', 156, Array)
#1 C:\Users\RIZKY\Downloads\Folder Joki\ci-backburner\vendor\codeigniter4\framework\system\View\View.php(220): include('C:\\Users\\RIZKY\\...')
#2 C:\Users\RIZKY\Downloads\Folder Joki\ci-backburner\vendor\codeigniter4\framework\system\View\View.php(222): CodeIgniter\View\View->CodeIgniter\View\{closure}()
#3 C:\Users\RIZKY\Downloads\Folder Joki\ci-backburner\vendor\codeigniter4\framework\system\Common.php(1217): CodeIgniter\View\View->render('new', Array, true)
#4 C:\Users\RIZKY\Downloads\Folder Joki\ci-backburner\app\Controllers\HomeController.php(46): view('new', Array)
#5 C:\Users\RIZKY\Downloads\Folder Joki\ci-backburner\vendor\codeigniter4\framework\system\CodeIgniter.php(935): App\Controllers\HomeController->showDetail('1')
#6 C:\Users\RIZKY\Downloads\Folder Joki\ci-backburner\vendor\codeigniter4\framework\system\CodeIgniter.php(431): CodeIgniter\CodeIgniter->runController(Object(App\Controllers\HomeController))
#7 C:\Users\RIZKY\Downloads\Folder Joki\ci-backburner\vendor\codeigniter4\framework\system\CodeIgniter.php(332): CodeIgniter\CodeIgniter->handleRequest(NULL, Object(Config\Cache), false)
#8 C:\Users\RIZKY\Downloads\Folder Joki\ci-backburner\public\index.php(44): CodeIgniter\CodeIgniter->run()
#9 C:\Users\RIZKY\Downloads\Folder Joki\ci-backburner\vendor\codeigniter4\framework\system\Commands\Server\rewrite.php(45): require_once('C:\\Users\\RIZKY\\...')
#10 {main}
CRITICAL - 2024-06-26 00:12:26 --> A non-numeric value encountered
#0 C:\Users\RIZKY\Downloads\Folder Joki\ci-backburner\app\Views\new.php(156): CodeIgniter\Debug\Exceptions->errorHandler(2, 'A non-numeric v...', 'C:\\Users\\RIZKY\\...', 156, Array)
#1 C:\Users\RIZKY\Downloads\Folder Joki\ci-backburner\vendor\codeigniter4\framework\system\View\View.php(220): include('C:\\Users\\RIZKY\\...')
#2 C:\Users\RIZKY\Downloads\Folder Joki\ci-backburner\vendor\codeigniter4\framework\system\View\View.php(222): CodeIgniter\View\View->CodeIgniter\View\{closure}()
#3 C:\Users\RIZKY\Downloads\Folder Joki\ci-backburner\vendor\codeigniter4\framework\system\Common.php(1217): CodeIgniter\View\View->render('new', Array, true)
#4 C:\Users\RIZKY\Downloads\Folder Joki\ci-backburner\app\Controllers\HomeController.php(46): view('new', Array)
#5 C:\Users\RIZKY\Downloads\Folder Joki\ci-backburner\vendor\codeigniter4\framework\system\CodeIgniter.php(935): App\Controllers\HomeController->showDetail('1')
#6 C:\Users\RIZKY\Downloads\Folder Joki\ci-backburner\vendor\codeigniter4\framework\system\CodeIgniter.php(431): CodeIgniter\CodeIgniter->runController(Object(App\Controllers\HomeController))
#7 C:\Users\RIZKY\Downloads\Folder Joki\ci-backburner\vendor\codeigniter4\framework\system\CodeIgniter.php(332): CodeIgniter\CodeIgniter->handleRequest(NULL, Object(Config\Cache), false)
#8 C:\Users\RIZKY\Downloads\Folder Joki\ci-backburner\public\index.php(44): CodeIgniter\CodeIgniter->run()
#9 C:\Users\RIZKY\Downloads\Folder Joki\ci-backburner\vendor\codeigniter4\framework\system\Commands\Server\rewrite.php(45): require_once('C:\\Users\\RIZKY\\...')
#10 {main}
CRITICAL - 2024-06-26 00:12:29 --> A non-numeric value encountered
#0 C:\Users\RIZKY\Downloads\Folder Joki\ci-backburner\app\Views\new.php(156): CodeIgniter\Debug\Exceptions->errorHandler(2, 'A non-numeric v...', 'C:\\Users\\RIZKY\\...', 156, Array)
#1 C:\Users\RIZKY\Downloads\Folder Joki\ci-backburner\vendor\codeigniter4\framework\system\View\View.php(220): include('C:\\Users\\RIZKY\\...')
#2 C:\Users\RIZKY\Downloads\Folder Joki\ci-backburner\vendor\codeigniter4\framework\system\View\View.php(222): CodeIgniter\View\View->CodeIgniter\View\{closure}()
#3 C:\Users\RIZKY\Downloads\Folder Joki\ci-backburner\vendor\codeigniter4\framework\system\Common.php(1217): CodeIgniter\View\View->render('new', Array, true)
#4 C:\Users\RIZKY\Downloads\Folder Joki\ci-backburner\app\Controllers\HomeController.php(46): view('new', Array)
#5 C:\Users\RIZKY\Downloads\Folder Joki\ci-backburner\vendor\codeigniter4\framework\system\CodeIgniter.php(935): App\Controllers\HomeController->showDetail('1')
#6 C:\Users\RIZKY\Downloads\Folder Joki\ci-backburner\vendor\codeigniter4\framework\system\CodeIgniter.php(431): CodeIgniter\CodeIgniter->runController(Object(App\Controllers\HomeController))
#7 C:\Users\RIZKY\Downloads\Folder Joki\ci-backburner\vendor\codeigniter4\framework\system\CodeIgniter.php(332): CodeIgniter\CodeIgniter->handleRequest(NULL, Object(Config\Cache), false)
#8 C:\Users\RIZKY\Downloads\Folder Joki\ci-backburner\public\index.php(44): CodeIgniter\CodeIgniter->run()
#9 C:\Users\RIZKY\Downloads\Folder Joki\ci-backburner\vendor\codeigniter4\framework\system\Commands\Server\rewrite.php(45): require_once('C:\\Users\\RIZKY\\...')
#10 {main}
CRITICAL - 2024-06-26 00:12:37 --> A non-numeric value encountered
#0 C:\Users\RIZKY\Downloads\Folder Joki\ci-backburner\app\Views\new.php(156): CodeIgniter\Debug\Exceptions->errorHandler(2, 'A non-numeric v...', 'C:\\Users\\RIZKY\\...', 156, Array)
#1 C:\Users\RIZKY\Downloads\Folder Joki\ci-backburner\vendor\codeigniter4\framework\system\View\View.php(220): include('C:\\Users\\RIZKY\\...')
#2 C:\Users\RIZKY\Downloads\Folder Joki\ci-backburner\vendor\codeigniter4\framework\system\View\View.php(222): CodeIgniter\View\View->CodeIgniter\View\{closure}()
#3 C:\Users\RIZKY\Downloads\Folder Joki\ci-backburner\vendor\codeigniter4\framework\system\Common.php(1217): CodeIgniter\View\View->render('new', Array, true)
#4 C:\Users\RIZKY\Downloads\Folder Joki\ci-backburner\app\Controllers\HomeController.php(46): view('new', Array)
#5 C:\Users\RIZKY\Downloads\Folder Joki\ci-backburner\vendor\codeigniter4\framework\system\CodeIgniter.php(935): App\Controllers\HomeController->showDetail('1')
#6 C:\Users\RIZKY\Downloads\Folder Joki\ci-backburner\vendor\codeigniter4\framework\system\CodeIgniter.php(431): CodeIgniter\CodeIgniter->runController(Object(App\Controllers\HomeController))
#7 C:\Users\RIZKY\Downloads\Folder Joki\ci-backburner\vendor\codeigniter4\framework\system\CodeIgniter.php(332): CodeIgniter\CodeIgniter->handleRequest(NULL, Object(Config\Cache), false)
#8 C:\Users\RIZKY\Downloads\Folder Joki\ci-backburner\public\index.php(44): CodeIgniter\CodeIgniter->run()
#9 C:\Users\RIZKY\Downloads\Folder Joki\ci-backburner\vendor\codeigniter4\framework\system\Commands\Server\rewrite.php(45): require_once('C:\\Users\\RIZKY\\...')
#10 {main}
CRITICAL - 2024-06-26 00:12:38 --> A non-numeric value encountered
#0 C:\Users\RIZKY\Downloads\Folder Joki\ci-backburner\app\Views\new.php(156): CodeIgniter\Debug\Exceptions->errorHandler(2, 'A non-numeric v...', 'C:\\Users\\RIZKY\\...', 156, Array)
#1 C:\Users\RIZKY\Downloads\Folder Joki\ci-backburner\vendor\codeigniter4\framework\system\View\View.php(220): include('C:\\Users\\RIZKY\\...')
#2 C:\Users\RIZKY\Downloads\Folder Joki\ci-backburner\vendor\codeigniter4\framework\system\View\View.php(222): CodeIgniter\View\View->CodeIgniter\View\{closure}()
#3 C:\Users\RIZKY\Downloads\Folder Joki\ci-backburner\vendor\codeigniter4\framework\system\Common.php(1217): CodeIgniter\View\View->render('new', Array, true)
#4 C:\Users\RIZKY\Downloads\Folder Joki\ci-backburner\app\Controllers\HomeController.php(46): view('new', Array)
#5 C:\Users\RIZKY\Downloads\Folder Joki\ci-backburner\vendor\codeigniter4\framework\system\CodeIgniter.php(935): App\Controllers\HomeController->showDetail('1')
#6 C:\Users\RIZKY\Downloads\Folder Joki\ci-backburner\vendor\codeigniter4\framework\system\CodeIgniter.php(431): CodeIgniter\CodeIgniter->runController(Object(App\Controllers\HomeController))
#7 C:\Users\RIZKY\Downloads\Folder Joki\ci-backburner\vendor\codeigniter4\framework\system\CodeIgniter.php(332): CodeIgniter\CodeIgniter->handleRequest(NULL, Object(Config\Cache), false)
#8 C:\Users\RIZKY\Downloads\Folder Joki\ci-backburner\public\index.php(44): CodeIgniter\CodeIgniter->run()
#9 C:\Users\RIZKY\Downloads\Folder Joki\ci-backburner\vendor\codeigniter4\framework\system\Commands\Server\rewrite.php(45): require_once('C:\\Users\\RIZKY\\...')
#10 {main}
ERROR - 2024-06-26 20:21:46 --> Error connecting to the database: No connection could be made because the target machine actively refused it.

CRITICAL - 2024-06-26 20:21:46 --> Unable to connect to the database.
#0 C:\Users\RIZKY\Downloads\Folder Joki\ci-backburner\vendor\codeigniter4\framework\system\Database\BaseConnection.php(620): CodeIgniter\Database\BaseConnection->initialize()
#1 C:\Users\RIZKY\Downloads\Folder Joki\ci-backburner\vendor\codeigniter4\framework\system\Database\BaseBuilder.php(1866): CodeIgniter\Database\BaseConnection->query('SELECT *\nFROM `...', Array, false)
#2 C:\Users\RIZKY\Downloads\Folder Joki\ci-backburner\vendor\codeigniter4\framework\system\Model.php(247): CodeIgniter\Database\BaseBuilder->get()
#3 C:\Users\RIZKY\Downloads\Folder Joki\ci-backburner\vendor\codeigniter4\framework\system\BaseModel.php(624): CodeIgniter\Model->doFirst()
#4 C:\Users\RIZKY\Downloads\Folder Joki\ci-backburner\app\Controllers\Admin\AdminController.php(96): CodeIgniter\BaseModel->first()
#5 C:\Users\RIZKY\Downloads\Folder Joki\ci-backburner\vendor\codeigniter4\framework\system\CodeIgniter.php(935): App\Controllers\Admin\AdminController->login()
#6 C:\Users\RIZKY\Downloads\Folder Joki\ci-backburner\vendor\codeigniter4\framework\system\CodeIgniter.php(431): CodeIgniter\CodeIgniter->runController(Object(App\Controllers\Admin\AdminController))
#7 C:\Users\RIZKY\Downloads\Folder Joki\ci-backburner\vendor\codeigniter4\framework\system\CodeIgniter.php(332): CodeIgniter\CodeIgniter->handleRequest(NULL, Object(Config\Cache), false)
#8 C:\Users\RIZKY\Downloads\Folder Joki\ci-backburner\public\index.php(44): CodeIgniter\CodeIgniter->run()
#9 C:\Users\RIZKY\Downloads\Folder Joki\ci-backburner\vendor\codeigniter4\framework\system\Commands\Server\rewrite.php(45): require_once('C:\\Users\\RIZKY\\...')
#10 {main}
ERROR - 2024-06-26 20:22:04 --> Error connecting to the database: No connection could be made because the target machine actively refused it.

CRITICAL - 2024-06-26 20:22:04 --> Unable to connect to the database.
#0 C:\Users\RIZKY\Downloads\Folder Joki\ci-backburner\vendor\codeigniter4\framework\system\Database\BaseConnection.php(620): CodeIgniter\Database\BaseConnection->initialize()
#1 C:\Users\RIZKY\Downloads\Folder Joki\ci-backburner\vendor\codeigniter4\framework\system\Database\BaseBuilder.php(1866): CodeIgniter\Database\BaseConnection->query('SELECT *\nFROM `...', Array, false)
#2 C:\Users\RIZKY\Downloads\Folder Joki\ci-backburner\vendor\codeigniter4\framework\system\Model.php(247): CodeIgniter\Database\BaseBuilder->get()
#3 C:\Users\RIZKY\Downloads\Folder Joki\ci-backburner\vendor\codeigniter4\framework\system\BaseModel.php(624): CodeIgniter\Model->doFirst()
#4 C:\Users\RIZKY\Downloads\Folder Joki\ci-backburner\app\Controllers\Admin\AdminController.php(96): CodeIgniter\BaseModel->first()
#5 C:\Users\RIZKY\Downloads\Folder Joki\ci-backburner\vendor\codeigniter4\framework\system\CodeIgniter.php(935): App\Controllers\Admin\AdminController->login()
#6 C:\Users\RIZKY\Downloads\Folder Joki\ci-backburner\vendor\codeigniter4\framework\system\CodeIgniter.php(431): CodeIgniter\CodeIgniter->runController(Object(App\Controllers\Admin\AdminController))
#7 C:\Users\RIZKY\Downloads\Folder Joki\ci-backburner\vendor\codeigniter4\framework\system\CodeIgniter.php(332): CodeIgniter\CodeIgniter->handleRequest(NULL, Object(Config\Cache), false)
#8 C:\Users\RIZKY\Downloads\Folder Joki\ci-backburner\public\index.php(44): CodeIgniter\CodeIgniter->run()
#9 C:\Users\RIZKY\Downloads\Folder Joki\ci-backburner\vendor\codeigniter4\framework\system\Commands\Server\rewrite.php(45): require_once('C:\\Users\\RIZKY\\...')
#10 {main}
